<?xml version="1.0" encoding="UTF-8"?>
<!-- Generated by org.testng.reporters.JUnitXMLReporter -->
<testsuite ignored="0" hostname="GaneshSisodiya" failures="21" tests="29" name="Default test" time="663.363" errors="0" timestamp="2026-04-30T13:38:16 IST">
  <testcase classname="io.cucumber.testng.AbstractTestNGCucumberTests" name="runScenario" time="9.777"/>
  <testcase classname="io.cucumber.testng.AbstractTestNGCucumberTests" name="runScenario" time="8.548"/>
  <testcase classname="io.cucumber.testng.AbstractTestNGCucumberTests" name="runScenario" time="16.887"/>
  <testcase classname="io.cucumber.testng.AbstractTestNGCucumberTests" name="runScenario" time="7.692"/>
  <testcase classname="io.cucumber.testng.AbstractTestNGCucumberTests" name="runScenario" time="7.879"/>
  <testcase classname="io.cucumber.testng.AbstractTestNGCucumberTests" name="runScenario" time="36.804">
    <failure type="org.openqa.selenium.TimeoutException" message="Expected condition failed: waiting for visibility of Proxy element for: DefaultElementLocator &amp;apos;By.cssSelector: p.oxd-alert-content-text&amp;apos;
(tried for 30 seconds with 500 milliseconds interval)">
      <![CDATA[org.openqa.selenium.TimeoutException: Expected condition failed: waiting for visibility of Proxy element for: DefaultElementLocator 'By.cssSelector: p.oxd-alert-content-text'
(tried for 30 seconds with 500 milliseconds interval)
at org.openqa.selenium.support.ui.WebDriverWait.timeoutException(WebDriverWait.java:84)
at org.openqa.selenium.support.ui.FluentWait.until(FluentWait.java:231)
at com.skillio.utils.WaitFor.elementToBeVisible(WaitFor.java:56)
at com.skillio.pages.LoginPage.getLoginErrorMessage(LoginPage.java:66)
at com.skillio.stepdefinitions.LoginSteps.the_login_result_should_be(LoginSteps.java:53)
at ✽.the login result should be "failure"(file:///C:/Users/Lenovo/eclipse-workspace/Rose26A/src/test/resources/FeatureFile/Admin.features/Login.feature:20)
Caused by: org.openqa.selenium.NoSuchElementException: Unable to locate element: p.oxd-alert-content-text
For documentation on this error, please visit: https://www.selenium.dev/documentation/webdriver/troubleshooting/errors#nosuchelementexception
Build info: version: '4.40.0', revision: 'b3333f1'
System info: os.name: 'Windows 11', os.arch: 'amd64', os.version: '10.0', java.version: '21.0.8'
Driver info: org.openqa.selenium.firefox.FirefoxDriver
Command: [74bb8e64-3809-49f0-8500-e99dbac15da5, findElement {using=css selector, value=p.oxd-alert-content-text}]
Capabilities {acceptInsecureCerts: true, browserName: firefox, browserVersion: 150.0, moz:accessibilityChecks: false, moz:buildID: 20260415192539, moz:geckodriverVersion: 0.36.0, moz:headless: false, moz:platformVersion: 10.0, moz:processID: 21028, moz:profile: C:\Users\Lenovo\AppData\Loc..., moz:shutdownTimeout: 60000, moz:webdriverClick: true, moz:windowless: false, pageLoadStrategy: eager, platformName: windows, proxy: Proxy(), setWindowRect: true, strictFileInteractability: false, timeouts: {implicit: 0, pageLoad: 300000, script: 30000}, unhandledPromptBehavior: dismiss and notify, userAgent: Mozilla/5.0 (Windows NT 10....}
Session ID: 74bb8e64-3809-49f0-8500-e99dbac15da5
at org.openqa.selenium.remote.ErrorCodec.decode(ErrorCodec.java:169)
at org.openqa.selenium.remote.codec.w3c.W3CHttpResponseCodec.decode(W3CHttpResponseCodec.java:142)
at org.openqa.selenium.remote.codec.w3c.W3CHttpResponseCodec.decode(W3CHttpResponseCodec.java:49)
at org.openqa.selenium.remote.HttpCommandExecutor.execute(HttpCommandExecutor.java:223)
at org.openqa.selenium.remote.service.DriverCommandExecutor.invokeExecute(DriverCommandExecutor.java:216)
at org.openqa.selenium.remote.service.DriverCommandExecutor.execute(DriverCommandExecutor.java:174)
at org.openqa.selenium.remote.RemoteWebDriver.execute(RemoteWebDriver.java:601)
at org.openqa.selenium.remote.ElementLocation$ElementFinder$2.findElement(ElementLocation.java:166)
at org.openqa.selenium.remote.ElementLocation.findElement(ElementLocation.java:60)
at org.openqa.selenium.remote.RemoteWebDriver.findElement(RemoteWebDriver.java:424)
at org.openqa.selenium.remote.RemoteWebDriver.findElement(RemoteWebDriver.java:418)
at org.openqa.selenium.support.pagefactory.DefaultElementLocator.findElement(DefaultElementLocator.java:68)
at org.openqa.selenium.support.pagefactory.internal.LocatingElementHandler.invoke(LocatingElementHandler.java:38)
at jdk.proxy2/jdk.proxy2.$Proxy25.isDisplayed(Unknown Source)
at org.openqa.selenium.support.ui.ExpectedConditions.elementIfVisible(ExpectedConditions.java:367)
at org.openqa.selenium.support.ui.ExpectedConditions$10.apply(ExpectedConditions.java:353)
at org.openqa.selenium.support.ui.ExpectedConditions$10.apply(ExpectedConditions.java:350)
at org.openqa.selenium.support.ui.FluentWait.until(FluentWait.java:207)
... 4 more
]]>
    </failure>
  </testcase> <!-- runScenario -->
  <testcase classname="io.cucumber.testng.AbstractTestNGCucumberTests" name="runScenario" time="6.086">
    <failure type="io.cucumber.core.exception.CucumberException" message="Failed to instantiate class com.skillio.stepdefinitions.DashboardSteps">
      <![CDATA[io.cucumber.core.exception.CucumberException: Failed to instantiate class com.skillio.stepdefinitions.DashboardSteps
at io.cucumber.core.backend.DefaultObjectFactory.cacheNewInstance(DefaultObjectFactory.java:67)
at io.cucumber.core.backend.DefaultObjectFactory.getInstance(DefaultObjectFactory.java:45)
at io.cucumber.java.AbstractGlueDefinition.invokeMethod(AbstractGlueDefinition.java:47)
at io.cucumber.java.JavaStepDefinition.execute(JavaStepDefinition.java:29)
at io.cucumber.core.runner.CoreStepDefinition.execute(CoreStepDefinition.java:66)
at io.cucumber.core.runner.PickleStepDefinitionMatch.runStep(PickleStepDefinitionMatch.java:62)
at io.cucumber.core.runner.ExecutionMode$1.execute(ExecutionMode.java:10)
at io.cucumber.core.runner.TestStep.executeStep(TestStep.java:81)
at io.cucumber.core.runner.TestStep.run(TestStep.java:53)
at io.cucumber.core.runner.PickleStepTestStep.run(PickleStepTestStep.java:51)
at io.cucumber.core.runner.TestCase.run(TestCase.java:87)
at io.cucumber.core.runner.Runner.runPickle(Runner.java:75)
at io.cucumber.testng.TestNGCucumberRunner.lambda$runScenario$1(TestNGCucumberRunner.java:135)
at io.cucumber.core.runtime.CucumberExecutionContext.lambda$runTestCase$5(CucumberExecutionContext.java:136)
at io.cucumber.core.runtime.RethrowingThrowableCollector.executeAndThrow(RethrowingThrowableCollector.java:23)
at io.cucumber.core.runtime.CucumberExecutionContext.runTestCase(CucumberExecutionContext.java:136)
at io.cucumber.testng.TestNGCucumberRunner.runScenario(TestNGCucumberRunner.java:132)
at io.cucumber.testng.AbstractTestNGCucumberTests.runScenario(AbstractTestNGCucumberTests.java:35)
at java.base/jdk.internal.reflect.DirectMethodHandleAccessor.invoke(DirectMethodHandleAccessor.java:103)
at java.base/java.lang.reflect.Method.invoke(Method.java:580)
at org.testng.internal.invokers.MethodInvocationHelper.invokeMethod(MethodInvocationHelper.java:141)
at org.testng.internal.invokers.TestInvoker.invokeMethod(TestInvoker.java:687)
at org.testng.internal.invokers.TestInvoker.invokeTestMethod(TestInvoker.java:230)
at org.testng.internal.invokers.MethodRunner.runInSequence(MethodRunner.java:63)
at org.testng.internal.invokers.TestInvoker$MethodInvocationAgent.invoke(TestInvoker.java:995)
at org.testng.internal.invokers.TestInvoker.invokeTestMethods(TestInvoker.java:203)
at org.testng.internal.invokers.TestMethodWorker.invokeTestMethods(TestMethodWorker.java:154)
at org.testng.internal.invokers.TestMethodWorker.run(TestMethodWorker.java:134)
at java.base/java.util.ArrayList.forEach(ArrayList.java:1596)
at org.testng.TestRunner.privateRun(TestRunner.java:741)
at org.testng.TestRunner.run(TestRunner.java:616)
at org.testng.SuiteRunner.runTest(SuiteRunner.java:421)
at org.testng.SuiteRunner.runSequentially(SuiteRunner.java:413)
at org.testng.SuiteRunner.privateRun(SuiteRunner.java:373)
at org.testng.SuiteRunner.run(SuiteRunner.java:312)
at org.testng.SuiteRunnerWorker.runSuite(SuiteRunnerWorker.java:52)
at org.testng.SuiteRunnerWorker.run(SuiteRunnerWorker.java:95)
at org.testng.TestNG.runSuitesSequentially(TestNG.java:1274)
at org.testng.TestNG.runSuitesLocally(TestNG.java:1208)
at org.testng.TestNG.runSuites(TestNG.java:1112)
at org.testng.TestNG.run(TestNG.java:1079)
at org.testng.remote.AbstractRemoteTestNG.run(AbstractRemoteTestNG.java:115)
at org.testng.remote.RemoteTestNG.initAndRun(RemoteTestNG.java:293)
at org.testng.remote.RemoteTestNG.main(RemoteTestNG.java:91)
Caused by: java.lang.reflect.InvocationTargetException
at java.base/jdk.internal.reflect.DirectConstructorHandleAccessor.newInstance(DirectConstructorHandleAccessor.java:74)
at java.base/java.lang.reflect.Constructor.newInstanceWithCaller(Constructor.java:502)
at java.base/java.lang.reflect.Constructor.newInstance(Constructor.java:486)
at io.cucumber.core.backend.DefaultObjectFactory.cacheNewInstance(DefaultObjectFactory.java:53)
... 43 more
Caused by: java.lang.StackOverflowError
at com.skillio.stepdefinitions.DashboardSteps.<init>(DashboardSteps.java:15)
at com.skillio.stepdefinitions.DashboardSteps.<init>(DashboardSteps.java:15)
at com.skillio.stepdefinitions.DashboardSteps.<init>(DashboardSteps.java:15)
at com.skillio.stepdefinitions.DashboardSteps.<init>(DashboardSteps.java:15)
at com.skillio.stepdefinitions.DashboardSteps.<init>(DashboardSteps.java:15)
at com.skillio.stepdefinitions.DashboardSteps.<init>(DashboardSteps.java:15)
at com.skillio.stepdefinitions.DashboardSteps.<init>(DashboardSteps.java:15)
at com.skillio.stepdefinitions.DashboardSteps.<init>(DashboardSteps.java:15)
at com.skillio.stepdefinitions.DashboardSteps.<init>(DashboardSteps.java:15)
at com.skillio.stepdefinitions.DashboardSteps.<init>(DashboardSteps.java:15)
at com.skillio.stepdefinitions.DashboardSteps.<init>(DashboardSteps.java:15)
at com.skillio.stepdefinitions.DashboardSteps.<init>(DashboardSteps.java:15)
at com.skillio.stepdefinitions.DashboardSteps.<init>(DashboardSteps.java:15)
at com.skillio.stepdefinitions.DashboardSteps.<init>(DashboardSteps.java:15)
at com.skillio.stepdefinitions.DashboardSteps.<init>(DashboardSteps.java:15)
at com.skillio.stepdefinitions.DashboardSteps.<init>(DashboardSteps.java:15)
at com.skillio.stepdefinitions.DashboardSteps.<init>(DashboardSteps.java:15)
at com.skillio.stepdefinitions.DashboardSteps.<init>(DashboardSteps.java:15)
at com.skillio.stepdefinitions.DashboardSteps.<init>(DashboardSteps.java:15)
at com.skillio.stepdefinitions.DashboardSteps.<init>(DashboardSteps.java:15)
at com.skillio.stepdefinitions.DashboardSteps.<init>(DashboardSteps.java:15)
at com.skillio.stepdefinitions.DashboardSteps.<init>(DashboardSteps.java:15)
at com.skillio.stepdefinitions.DashboardSteps.<init>(DashboardSteps.java:15)
at com.skillio.stepdefinitions.DashboardSteps.<init>(DashboardSteps.java:15)
at com.skillio.stepdefinitions.DashboardSteps.<init>(DashboardSteps.java:15)
at com.skillio.stepdefinitions.DashboardSteps.<init>(DashboardSteps.java:15)
at com.skillio.stepdefinitions.DashboardSteps.<init>(DashboardSteps.java:15)
at com.skillio.stepdefinitions.DashboardSteps.<init>(DashboardSteps.java:15)
at com.skillio.stepdefinitions.DashboardSteps.<init>(DashboardSteps.java:15)
at com.skillio.stepdefinitions.DashboardSteps.<init>(DashboardSteps.java:15)
at com.skillio.stepdefinitions.DashboardSteps.<init>(DashboardSteps.java:15)
at com.skillio.stepdefinitions.DashboardSteps.<init>(DashboardSteps.java:15)
at com.skillio.stepdefinitions.DashboardSteps.<init>(DashboardSteps.java:15)
at com.skillio.stepdefinitions.DashboardSteps.<init>(DashboardSteps.java:15)
at com.skillio.stepdefinitions.DashboardSteps.<init>(DashboardSteps.java:15)
at com.skillio.stepdefinitions.DashboardSteps.<init>(DashboardSteps.java:15)
at com.skillio.stepdefinitions.DashboardSteps.<init>(DashboardSteps.java:15)
at com.skillio.stepdefinitions.DashboardSteps.<init>(DashboardSteps.java:15)
at com.skillio.stepdefinitions.DashboardSteps.<init>(DashboardSteps.java:15)
at com.skillio.stepdefinitions.DashboardSteps.<init>(DashboardSteps.java:15)
at com.skillio.stepdefinitions.DashboardSteps.<init>(DashboardSteps.java:15)
at com.skillio.stepdefinitions.DashboardSteps.<init>(DashboardSteps.java:15)
at com.skillio.stepdefinitions.DashboardSteps.<init>(DashboardSteps.java:15)
at com.skillio.stepdefinitions.DashboardSteps.<init>(DashboardSteps.java:15)
at com.skillio.stepdefinitions.DashboardSteps.<init>(DashboardSteps.java:15)
at com.skillio.stepdefinitions.DashboardSteps.<init>(DashboardSteps.java:15)
at com.skillio.stepdefinitions.DashboardSteps.<init>(DashboardSteps.java:15)
at com.skillio.stepdefinitions.DashboardSteps.<init>(DashboardSteps.java:15)
at com.skillio.stepdefinitions.DashboardSteps.<init>(DashboardSteps.java:15)
at com.skillio.stepdefinitions.DashboardSteps.<init>(DashboardSteps.java:15)
at com.skillio.stepdefinitions.DashboardSteps.<init>(DashboardSteps.java:15)
at com.skillio.stepdefinitions.DashboardSteps.<init>(DashboardSteps.java:15)
at com.skillio.stepdefinitions.DashboardSteps.<init>(DashboardSteps.java:15)
at com.skillio.stepdefinitions.DashboardSteps.<init>(DashboardSteps.java:15)
at com.skillio.stepdefinitions.DashboardSteps.<init>(DashboardSteps.java:15)
at com.skillio.stepdefinitions.DashboardSteps.<init>(DashboardSteps.java:15)
at com.skillio.stepdefinitions.DashboardSteps.<init>(DashboardSteps.java:15)
at com.skillio.stepdefinitions.DashboardSteps.<init>(DashboardSteps.java:15)
at com.skillio.stepdefinitions.DashboardSteps.<init>(DashboardSteps.java:15)
at com.skillio.stepdefinitions.DashboardSteps.<init>(DashboardSteps.java:15)
at com.skillio.stepdefinitions.DashboardSteps.<init>(DashboardSteps.java:15)
at com.skillio.stepdefinitions.DashboardSteps.<init>(DashboardSteps.java:15)
at com.skillio.stepdefinitions.DashboardSteps.<init>(DashboardSteps.java:15)
at com.skillio.stepdefinitions.DashboardSteps.<init>(DashboardSteps.java:15)
at com.skillio.stepdefinitions.DashboardSteps.<init>(DashboardSteps.java:15)
at com.skillio.stepdefinitions.DashboardSteps.<init>(DashboardSteps.java:15)
at com.skillio.stepdefinitions.DashboardSteps.<init>(DashboardSteps.java:15)
at com.skillio.stepdefinitions.DashboardSteps.<init>(DashboardSteps.java:15)
at com.skillio.stepdefinitions.DashboardSteps.<init>(DashboardSteps.java:15)
at com.skillio.stepdefinitions.DashboardSteps.<init>(DashboardSteps.java:15)
at com.skillio.stepdefinitions.DashboardSteps.<init>(DashboardSteps.java:15)
at com.skillio.stepdefinitions.DashboardSteps.<init>(DashboardSteps.java:15)
at com.skillio.stepdefinitions.DashboardSteps.<init>(DashboardSteps.java:15)
at com.skillio.stepdefinitions.DashboardSteps.<init>(DashboardSteps.java:15)
at com.skillio.stepdefinitions.DashboardSteps.<init>(DashboardSteps.java:15)
at com.skillio.stepdefinitions.DashboardSteps.<init>(DashboardSteps.java:15)
at com.skillio.stepdefinitions.DashboardSteps.<init>(DashboardSteps.java:15)
at com.skillio.stepdefinitions.DashboardSteps.<init>(DashboardSteps.java:15)
at com.skillio.stepdefinitions.DashboardSteps.<init>(DashboardSteps.java:15)
at com.skillio.stepdefinitions.DashboardSteps.<init>(DashboardSteps.java:15)
at com.skillio.stepdefinitions.DashboardSteps.<init>(DashboardSteps.java:15)
at com.skillio.stepdefinitions.DashboardSteps.<init>(DashboardSteps.java:15)
at com.skillio.stepdefinitions.DashboardSteps.<init>(DashboardSteps.java:15)
at com.skillio.stepdefinitions.DashboardSteps.<init>(DashboardSteps.java:15)
at com.skillio.stepdefinitions.DashboardSteps.<init>(DashboardSteps.java:15)
at com.skillio.stepdefinitions.DashboardSteps.<init>(DashboardSteps.java:15)
at com.skillio.stepdefinitions.DashboardSteps.<init>(DashboardSteps.java:15)
at com.skillio.stepdefinitions.DashboardSteps.<init>(DashboardSteps.java:15)
at com.skillio.stepdefinitions.DashboardSteps.<init>(DashboardSteps.java:15)
at com.skillio.stepdefinitions.DashboardSteps.<init>(DashboardSteps.java:15)
at com.skillio.stepdefinitions.DashboardSteps.<init>(DashboardSteps.java:15)
at com.skillio.stepdefinitions.DashboardSteps.<init>(DashboardSteps.java:15)
at com.skillio.stepdefinitions.DashboardSteps.<init>(DashboardSteps.java:15)
at com.skillio.stepdefinitions.DashboardSteps.<init>(DashboardSteps.java:15)
at com.skillio.stepdefinitions.DashboardSteps.<init>(DashboardSteps.java:15)
at com.skillio.stepdefinitions.DashboardSteps.<init>(DashboardSteps.java:15)
at com.skillio.stepdefinitions.DashboardSteps.<init>(DashboardSteps.java:15)
at com.skillio.stepdefinitions.DashboardSteps.<init>(DashboardSteps.java:15)
at com.skillio.stepdefinitions.DashboardSteps.<init>(DashboardSteps.java:15)
at com.skillio.stepdefinitions.DashboardSteps.<init>(DashboardSteps.java:15)
at com.skillio.stepdefinitions.DashboardSteps.<init>(DashboardSteps.java:15)
at com.skillio.stepdefinitions.DashboardSteps.<init>(DashboardSteps.java:15)
at com.skillio.stepdefinitions.DashboardSteps.<init>(DashboardSteps.java:15)
at com.skillio.stepdefinitions.DashboardSteps.<init>(DashboardSteps.java:15)
at com.skillio.stepdefinitions.DashboardSteps.<init>(DashboardSteps.java:15)
at com.skillio.stepdefinitions.DashboardSteps.<init>(DashboardSteps.java:15)
at com.skillio.stepdefinitions.DashboardSteps.<init>(DashboardSteps.java:15)
at com.skillio.stepdefinitions.DashboardSteps.<init>(DashboardSteps.java:15)
at com.skillio.stepdefinitions.DashboardSteps.<init>(DashboardSteps.java:15)
at com.skillio.stepdefinitions.DashboardSteps.<init>(DashboardSteps.java:15)
at com.skillio.stepdefinitions.DashboardSteps.<init>(DashboardSteps.java:15)
at com.skillio.stepdefinitions.DashboardSteps.<init>(DashboardSteps.java:15)
at com.skillio.stepdefinitions.DashboardSteps.<init>(DashboardSteps.java:15)
at com.skillio.stepdefinitions.DashboardSteps.<init>(DashboardSteps.java:15)
at com.skillio.stepdefinitions.DashboardSteps.<init>(DashboardSteps.java:15)
at com.skillio.stepdefinitions.DashboardSteps.<init>(DashboardSteps.java:15)
at com.skillio.stepdefinitions.DashboardSteps.<init>(DashboardSteps.java:15)
at com.skillio.stepdefinitions.DashboardSteps.<init>(DashboardSteps.java:15)
at com.skillio.stepdefinitions.DashboardSteps.<init>(DashboardSteps.java:15)
at com.skillio.stepdefinitions.DashboardSteps.<init>(DashboardSteps.java:15)
at com.skillio.stepdefinitions.DashboardSteps.<init>(DashboardSteps.java:15)
at com.skillio.stepdefinitions.DashboardSteps.<init>(DashboardSteps.java:15)
at com.skillio.stepdefinitions.DashboardSteps.<init>(DashboardSteps.java:15)
at com.skillio.stepdefinitions.DashboardSteps.<init>(DashboardSteps.java:15)
at com.skillio.stepdefinitions.DashboardSteps.<init>(DashboardSteps.java:15)
at com.skillio.stepdefinitions.DashboardSteps.<init>(DashboardSteps.java:15)
at com.skillio.stepdefinitions.DashboardSteps.<init>(DashboardSteps.java:15)
at com.skillio.stepdefinitions.DashboardSteps.<init>(DashboardSteps.java:15)
at com.skillio.stepdefinitions.DashboardSteps.<init>(DashboardSteps.java:15)
at com.skillio.stepdefinitions.DashboardSteps.<init>(DashboardSteps.java:15)
at com.skillio.stepdefinitions.DashboardSteps.<init>(DashboardSteps.java:15)
at com.skillio.stepdefinitions.DashboardSteps.<init>(DashboardSteps.java:15)
at com.skillio.stepdefinitions.DashboardSteps.<init>(DashboardSteps.java:15)
at com.skillio.stepdefinitions.DashboardSteps.<init>(DashboardSteps.java:15)
at com.skillio.stepdefinitions.DashboardSteps.<init>(DashboardSteps.java:15)
at com.skillio.stepdefinitions.DashboardSteps.<init>(DashboardSteps.java:15)
at com.skillio.stepdefinitions.DashboardSteps.<init>(DashboardSteps.java:15)
at com.skillio.stepdefinitions.DashboardSteps.<init>(DashboardSteps.java:15)
at com.skillio.stepdefinitions.DashboardSteps.<init>(DashboardSteps.java:15)
at com.skillio.stepdefinitions.DashboardSteps.<init>(DashboardSteps.java:15)
at com.skillio.stepdefinitions.DashboardSteps.<init>(DashboardSteps.java:15)
at com.skillio.stepdefinitions.DashboardSteps.<init>(DashboardSteps.java:15)
at com.skillio.stepdefinitions.DashboardSteps.<init>(DashboardSteps.java:15)
at com.skillio.stepdefinitions.DashboardSteps.<init>(DashboardSteps.java:15)
at com.skillio.stepdefinitions.DashboardSteps.<init>(DashboardSteps.java:15)
at com.skillio.stepdefinitions.DashboardSteps.<init>(DashboardSteps.java:15)
at com.skillio.stepdefinitions.DashboardSteps.<init>(DashboardSteps.java:15)
at com.skillio.stepdefinitions.DashboardSteps.<init>(DashboardSteps.java:15)
at com.skillio.stepdefinitions.DashboardSteps.<init>(DashboardSteps.java:15)
at com.skillio.stepdefinitions.DashboardSteps.<init>(DashboardSteps.java:15)
at com.skillio.stepdefinitions.DashboardSteps.<init>(DashboardSteps.java:15)
at com.skillio.stepdefinitions.DashboardSteps.<init>(DashboardSteps.java:15)
at com.skillio.stepdefinitions.DashboardSteps.<init>(DashboardSteps.java:15)
at com.skillio.stepdefinitions.DashboardSteps.<init>(DashboardSteps.java:15)
at com.skillio.stepdefinitions.DashboardSteps.<init>(DashboardSteps.java:15)
at com.skillio.stepdefinitions.DashboardSteps.<init>(DashboardSteps.java:15)
at com.skillio.stepdefinitions.DashboardSteps.<init>(DashboardSteps.java:15)
at com.skillio.stepdefinitions.DashboardSteps.<init>(DashboardSteps.java:15)
at com.skillio.stepdefinitions.DashboardSteps.<init>(DashboardSteps.java:15)
at com.skillio.stepdefinitions.DashboardSteps.<init>(DashboardSteps.java:15)
at com.skillio.stepdefinitions.DashboardSteps.<init>(DashboardSteps.java:15)
at com.skillio.stepdefinitions.DashboardSteps.<init>(DashboardSteps.java:15)
at com.skillio.stepdefinitions.DashboardSteps.<init>(DashboardSteps.java:15)
at com.skillio.stepdefinitions.DashboardSteps.<init>(DashboardSteps.java:15)
at com.skillio.stepdefinitions.DashboardSteps.<init>(DashboardSteps.java:15)
at com.skillio.stepdefinitions.DashboardSteps.<init>(DashboardSteps.java:15)
at com.skillio.stepdefinitions.DashboardSteps.<init>(DashboardSteps.java:15)
at com.skillio.stepdefinitions.DashboardSteps.<init>(DashboardSteps.java:15)
at com.skillio.stepdefinitions.DashboardSteps.<init>(DashboardSteps.java:15)
at com.skillio.stepdefinitions.DashboardSteps.<init>(DashboardSteps.java:15)
at com.skillio.stepdefinitions.DashboardSteps.<init>(DashboardSteps.java:15)
at com.skillio.stepdefinitions.DashboardSteps.<init>(DashboardSteps.java:15)
at com.skillio.stepdefinitions.DashboardSteps.<init>(DashboardSteps.java:15)
at com.skillio.stepdefinitions.DashboardSteps.<init>(DashboardSteps.java:15)
at com.skillio.stepdefinitions.DashboardSteps.<init>(DashboardSteps.java:15)
at com.skillio.stepdefinitions.DashboardSteps.<init>(DashboardSteps.java:15)
at com.skillio.stepdefinitions.DashboardSteps.<init>(DashboardSteps.java:15)
at com.skillio.stepdefinitions.DashboardSteps.<init>(DashboardSteps.java:15)
at com.skillio.stepdefinitions.DashboardSteps.<init>(DashboardSteps.java:15)
at com.skillio.stepdefinitions.DashboardSteps.<init>(DashboardSteps.java:15)
at com.skillio.stepdefinitions.DashboardSteps.<init>(DashboardSteps.java:15)
at com.skillio.stepdefinitions.DashboardSteps.<init>(DashboardSteps.java:15)
at com.skillio.stepdefinitions.DashboardSteps.<init>(DashboardSteps.java:15)
at com.skillio.stepdefinitions.DashboardSteps.<init>(DashboardSteps.java:15)
at com.skillio.stepdefinitions.DashboardSteps.<init>(DashboardSteps.java:15)
at com.skillio.stepdefinitions.DashboardSteps.<init>(DashboardSteps.java:15)
at com.skillio.stepdefinitions.DashboardSteps.<init>(DashboardSteps.java:15)
at com.skillio.stepdefinitions.DashboardSteps.<init>(DashboardSteps.java:15)
at com.skillio.stepdefinitions.DashboardSteps.<init>(DashboardSteps.java:15)
at com.skillio.stepdefinitions.DashboardSteps.<init>(DashboardSteps.java:15)
at com.skillio.stepdefinitions.DashboardSteps.<init>(DashboardSteps.java:15)
at com.skillio.stepdefinitions.DashboardSteps.<init>(DashboardSteps.java:15)
at com.skillio.stepdefinitions.DashboardSteps.<init>(DashboardSteps.java:15)
at com.skillio.stepdefinitions.DashboardSteps.<init>(DashboardSteps.java:15)
at com.skillio.stepdefinitions.DashboardSteps.<init>(DashboardSteps.java:15)
at com.skillio.stepdefinitions.DashboardSteps.<init>(DashboardSteps.java:15)
at com.skillio.stepdefinitions.DashboardSteps.<init>(DashboardSteps.java:15)
at com.skillio.stepdefinitions.DashboardSteps.<init>(DashboardSteps.java:15)
at com.skillio.stepdefinitions.DashboardSteps.<init>(DashboardSteps.java:15)
at com.skillio.stepdefinitions.DashboardSteps.<init>(DashboardSteps.java:15)
at com.skillio.stepdefinitions.DashboardSteps.<init>(DashboardSteps.java:15)
at com.skillio.stepdefinitions.DashboardSteps.<init>(DashboardSteps.java:15)
at com.skillio.stepdefinitions.DashboardSteps.<init>(DashboardSteps.java:15)
at com.skillio.stepdefinitions.DashboardSteps.<init>(DashboardSteps.java:15)
at com.skillio.stepdefinitions.DashboardSteps.<init>(DashboardSteps.java:15)
at com.skillio.stepdefinitions.DashboardSteps.<init>(DashboardSteps.java:15)
at com.skillio.stepdefinitions.DashboardSteps.<init>(DashboardSteps.java:15)
at com.skillio.stepdefinitions.DashboardSteps.<init>(DashboardSteps.java:15)
at com.skillio.stepdefinitions.DashboardSteps.<init>(DashboardSteps.java:15)
at com.skillio.stepdefinitions.DashboardSteps.<init>(DashboardSteps.java:15)
at com.skillio.stepdefinitions.DashboardSteps.<init>(DashboardSteps.java:15)
at com.skillio.stepdefinitions.DashboardSteps.<init>(DashboardSteps.java:15)
at com.skillio.stepdefinitions.DashboardSteps.<init>(DashboardSteps.java:15)
at com.skillio.stepdefinitions.DashboardSteps.<init>(DashboardSteps.java:15)
at com.skillio.stepdefinitions.DashboardSteps.<init>(DashboardSteps.java:15)
at com.skillio.stepdefinitions.DashboardSteps.<init>(DashboardSteps.java:15)
at com.skillio.stepdefinitions.DashboardSteps.<init>(DashboardSteps.java:15)
at com.skillio.stepdefinitions.DashboardSteps.<init>(DashboardSteps.java:15)
at com.skillio.stepdefinitions.DashboardSteps.<init>(DashboardSteps.java:15)
at com.skillio.stepdefinitions.DashboardSteps.<init>(DashboardSteps.java:15)
at com.skillio.stepdefinitions.DashboardSteps.<init>(DashboardSteps.java:15)
at com.skillio.stepdefinitions.DashboardSteps.<init>(DashboardSteps.java:15)
at com.skillio.stepdefinitions.DashboardSteps.<init>(DashboardSteps.java:15)
at com.skillio.stepdefinitions.DashboardSteps.<init>(DashboardSteps.java:15)
at com.skillio.stepdefinitions.DashboardSteps.<init>(DashboardSteps.java:15)
at com.skillio.stepdefinitions.DashboardSteps.<init>(DashboardSteps.java:15)
at com.skillio.stepdefinitions.DashboardSteps.<init>(DashboardSteps.java:15)
at com.skillio.stepdefinitions.DashboardSteps.<init>(DashboardSteps.java:15)
at com.skillio.stepdefinitions.DashboardSteps.<init>(DashboardSteps.java:15)
at com.skillio.stepdefinitions.DashboardSteps.<init>(DashboardSteps.java:15)
at com.skillio.stepdefinitions.DashboardSteps.<init>(DashboardSteps.java:15)
at com.skillio.stepdefinitions.DashboardSteps.<init>(DashboardSteps.java:15)
at com.skillio.stepdefinitions.DashboardSteps.<init>(DashboardSteps.java:15)
at com.skillio.stepdefinitions.DashboardSteps.<init>(DashboardSteps.java:15)
at com.skillio.stepdefinitions.DashboardSteps.<init>(DashboardSteps.java:15)
at com.skillio.stepdefinitions.DashboardSteps.<init>(DashboardSteps.java:15)
at com.skillio.stepdefinitions.DashboardSteps.<init>(DashboardSteps.java:15)
at com.skillio.stepdefinitions.DashboardSteps.<init>(DashboardSteps.java:15)
at com.skillio.stepdefinitions.DashboardSteps.<init>(DashboardSteps.java:15)
at com.skillio.stepdefinitions.DashboardSteps.<init>(DashboardSteps.java:15)
at com.skillio.stepdefinitions.DashboardSteps.<init>(DashboardSteps.java:15)
at com.skillio.stepdefinitions.DashboardSteps.<init>(DashboardSteps.java:15)
at com.skillio.stepdefinitions.DashboardSteps.<init>(DashboardSteps.java:15)
at com.skillio.stepdefinitions.DashboardSteps.<init>(DashboardSteps.java:15)
at com.skillio.stepdefinitions.DashboardSteps.<init>(DashboardSteps.java:15)
at com.skillio.stepdefinitions.DashboardSteps.<init>(DashboardSteps.java:15)
at com.skillio.stepdefinitions.DashboardSteps.<init>(DashboardSteps.java:15)
at com.skillio.stepdefinitions.DashboardSteps.<init>(DashboardSteps.java:15)
at com.skillio.stepdefinitions.DashboardSteps.<init>(DashboardSteps.java:15)
at com.skillio.stepdefinitions.DashboardSteps.<init>(DashboardSteps.java:15)
at com.skillio.stepdefinitions.DashboardSteps.<init>(DashboardSteps.java:15)
at com.skillio.stepdefinitions.DashboardSteps.<init>(DashboardSteps.java:15)
at com.skillio.stepdefinitions.DashboardSteps.<init>(DashboardSteps.java:15)
at com.skillio.stepdefinitions.DashboardSteps.<init>(DashboardSteps.java:15)
at com.skillio.stepdefinitions.DashboardSteps.<init>(DashboardSteps.java:15)
at com.skillio.stepdefinitions.DashboardSteps.<init>(DashboardSteps.java:15)
at com.skillio.stepdefinitions.DashboardSteps.<init>(DashboardSteps.java:15)
at com.skillio.stepdefinitions.DashboardSteps.<init>(DashboardSteps.java:15)
at com.skillio.stepdefinitions.DashboardSteps.<init>(DashboardSteps.java:15)
at com.skillio.stepdefinitions.DashboardSteps.<init>(DashboardSteps.java:15)
at com.skillio.stepdefinitions.DashboardSteps.<init>(DashboardSteps.java:15)
at com.skillio.stepdefinitions.DashboardSteps.<init>(DashboardSteps.java:15)
at com.skillio.stepdefinitions.DashboardSteps.<init>(DashboardSteps.java:15)
at com.skillio.stepdefinitions.DashboardSteps.<init>(DashboardSteps.java:15)
at com.skillio.stepdefinitions.DashboardSteps.<init>(DashboardSteps.java:15)
at com.skillio.stepdefinitions.DashboardSteps.<init>(DashboardSteps.java:15)
at com.skillio.stepdefinitions.DashboardSteps.<init>(DashboardSteps.java:15)
at com.skillio.stepdefinitions.DashboardSteps.<init>(DashboardSteps.java:15)
at com.skillio.stepdefinitions.DashboardSteps.<init>(DashboardSteps.java:15)
at com.skillio.stepdefinitions.DashboardSteps.<init>(DashboardSteps.java:15)
at com.skillio.stepdefinitions.DashboardSteps.<init>(DashboardSteps.java:15)
at com.skillio.stepdefinitions.DashboardSteps.<init>(DashboardSteps.java:15)
at com.skillio.stepdefinitions.DashboardSteps.<init>(DashboardSteps.java:15)
at com.skillio.stepdefinitions.DashboardSteps.<init>(DashboardSteps.java:15)
at com.skillio.stepdefinitions.DashboardSteps.<init>(DashboardSteps.java:15)
at com.skillio.stepdefinitions.DashboardSteps.<init>(DashboardSteps.java:15)
at com.skillio.stepdefinitions.DashboardSteps.<init>(DashboardSteps.java:15)
at com.skillio.stepdefinitions.DashboardSteps.<init>(DashboardSteps.java:15)
at com.skillio.stepdefinitions.DashboardSteps.<init>(DashboardSteps.java:15)
at com.skillio.stepdefinitions.DashboardSteps.<init>(DashboardSteps.java:15)
at com.skillio.stepdefinitions.DashboardSteps.<init>(DashboardSteps.java:15)
at com.skillio.stepdefinitions.DashboardSteps.<init>(DashboardSteps.java:15)
at com.skillio.stepdefinitions.DashboardSteps.<init>(DashboardSteps.java:15)
at com.skillio.stepdefinitions.DashboardSteps.<init>(DashboardSteps.java:15)
at com.skillio.stepdefinitions.DashboardSteps.<init>(DashboardSteps.java:15)
at com.skillio.stepdefinitions.DashboardSteps.<init>(DashboardSteps.java:15)
at com.skillio.stepdefinitions.DashboardSteps.<init>(DashboardSteps.java:15)
at com.skillio.stepdefinitions.DashboardSteps.<init>(DashboardSteps.java:15)
at com.skillio.stepdefinitions.DashboardSteps.<init>(DashboardSteps.java:15)
at com.skillio.stepdefinitions.DashboardSteps.<init>(DashboardSteps.java:15)
at com.skillio.stepdefinitions.DashboardSteps.<init>(DashboardSteps.java:15)
at com.skillio.stepdefinitions.DashboardSteps.<init>(DashboardSteps.java:15)
at com.skillio.stepdefinitions.DashboardSteps.<init>(DashboardSteps.java:15)
at com.skillio.stepdefinitions.DashboardSteps.<init>(DashboardSteps.java:15)
at com.skillio.stepdefinitions.DashboardSteps.<init>(DashboardSteps.java:15)
at com.skillio.stepdefinitions.DashboardSteps.<init>(DashboardSteps.java:15)
at com.skillio.stepdefinitions.DashboardSteps.<init>(DashboardSteps.java:15)
at com.skillio.stepdefinitions.DashboardSteps.<init>(DashboardSteps.java:15)
at com.skillio.stepdefinitions.DashboardSteps.<init>(DashboardSteps.java:15)
at com.skillio.stepdefinitions.DashboardSteps.<init>(DashboardSteps.java:15)
at com.skillio.stepdefinitions.DashboardSteps.<init>(DashboardSteps.java:15)
at com.skillio.stepdefinitions.DashboardSteps.<init>(DashboardSteps.java:15)
at com.skillio.stepdefinitions.DashboardSteps.<init>(DashboardSteps.java:15)
at com.skillio.stepdefinitions.DashboardSteps.<init>(DashboardSteps.java:15)
at com.skillio.stepdefinitions.DashboardSteps.<init>(DashboardSteps.java:15)
at com.skillio.stepdefinitions.DashboardSteps.<init>(DashboardSteps.java:15)
at com.skillio.stepdefinitions.DashboardSteps.<init>(DashboardSteps.java:15)
at com.skillio.stepdefinitions.DashboardSteps.<init>(DashboardSteps.java:15)
at com.skillio.stepdefinitions.DashboardSteps.<init>(DashboardSteps.java:15)
at com.skillio.stepdefinitions.DashboardSteps.<init>(DashboardSteps.java:15)
at com.skillio.stepdefinitions.DashboardSteps.<init>(DashboardSteps.java:15)
at com.skillio.stepdefinitions.DashboardSteps.<init>(DashboardSteps.java:15)
at com.skillio.stepdefinitions.DashboardSteps.<init>(DashboardSteps.java:15)
at com.skillio.stepdefinitions.DashboardSteps.<init>(DashboardSteps.java:15)
at com.skillio.stepdefinitions.DashboardSteps.<init>(DashboardSteps.java:15)
at com.skillio.stepdefinitions.DashboardSteps.<init>(DashboardSteps.java:15)
at com.skillio.stepdefinitions.DashboardSteps.<init>(DashboardSteps.java:15)
at com.skillio.stepdefinitions.DashboardSteps.<init>(DashboardSteps.java:15)
at com.skillio.stepdefinitions.DashboardSteps.<init>(DashboardSteps.java:15)
at com.skillio.stepdefinitions.DashboardSteps.<init>(DashboardSteps.java:15)
at com.skillio.stepdefinitions.DashboardSteps.<init>(DashboardSteps.java:15)
at com.skillio.stepdefinitions.DashboardSteps.<init>(DashboardSteps.java:15)
at com.skillio.stepdefinitions.DashboardSteps.<init>(DashboardSteps.java:15)
at com.skillio.stepdefinitions.DashboardSteps.<init>(DashboardSteps.java:15)
at com.skillio.stepdefinitions.DashboardSteps.<init>(DashboardSteps.java:15)
at com.skillio.stepdefinitions.DashboardSteps.<init>(DashboardSteps.java:15)
at com.skillio.stepdefinitions.DashboardSteps.<init>(DashboardSteps.java:15)
at com.skillio.stepdefinitions.DashboardSteps.<init>(DashboardSteps.java:15)
at com.skillio.stepdefinitions.DashboardSteps.<init>(DashboardSteps.java:15)
at com.skillio.stepdefinitions.DashboardSteps.<init>(DashboardSteps.java:15)
at com.skillio.stepdefinitions.DashboardSteps.<init>(DashboardSteps.java:15)
at com.skillio.stepdefinitions.DashboardSteps.<init>(DashboardSteps.java:15)
at com.skillio.stepdefinitions.DashboardSteps.<init>(DashboardSteps.java:15)
at com.skillio.stepdefinitions.DashboardSteps.<init>(DashboardSteps.java:15)
at com.skillio.stepdefinitions.DashboardSteps.<init>(DashboardSteps.java:15)
at com.skillio.stepdefinitions.DashboardSteps.<init>(DashboardSteps.java:15)
at com.skillio.stepdefinitions.DashboardSteps.<init>(DashboardSteps.java:15)
at com.skillio.stepdefinitions.DashboardSteps.<init>(DashboardSteps.java:15)
at com.skillio.stepdefinitions.DashboardSteps.<init>(DashboardSteps.java:15)
at com.skillio.stepdefinitions.DashboardSteps.<init>(DashboardSteps.java:15)
at com.skillio.stepdefinitions.DashboardSteps.<init>(DashboardSteps.java:15)
at com.skillio.stepdefinitions.DashboardSteps.<init>(DashboardSteps.java:15)
at com.skillio.stepdefinitions.DashboardSteps.<init>(DashboardSteps.java:15)
at com.skillio.stepdefinitions.DashboardSteps.<init>(DashboardSteps.java:15)
at com.skillio.stepdefinitions.DashboardSteps.<init>(DashboardSteps.java:15)
at com.skillio.stepdefinitions.DashboardSteps.<init>(DashboardSteps.java:15)
at com.skillio.stepdefinitions.DashboardSteps.<init>(DashboardSteps.java:15)
at com.skillio.stepdefinitions.DashboardSteps.<init>(DashboardSteps.java:15)
at com.skillio.stepdefinitions.DashboardSteps.<init>(DashboardSteps.java:15)
at com.skillio.stepdefinitions.DashboardSteps.<init>(DashboardSteps.java:15)
at com.skillio.stepdefinitions.DashboardSteps.<init>(DashboardSteps.java:15)
at com.skillio.stepdefinitions.DashboardSteps.<init>(DashboardSteps.java:15)
at com.skillio.stepdefinitions.DashboardSteps.<init>(DashboardSteps.java:15)
at com.skillio.stepdefinitions.DashboardSteps.<init>(DashboardSteps.java:15)
at com.skillio.stepdefinitions.DashboardSteps.<init>(DashboardSteps.java:15)
at com.skillio.stepdefinitions.DashboardSteps.<init>(DashboardSteps.java:15)
at com.skillio.stepdefinitions.DashboardSteps.<init>(DashboardSteps.java:15)
at com.skillio.stepdefinitions.DashboardSteps.<init>(DashboardSteps.java:15)
at com.skillio.stepdefinitions.DashboardSteps.<init>(DashboardSteps.java:15)
at com.skillio.stepdefinitions.DashboardSteps.<init>(DashboardSteps.java:15)
at com.skillio.stepdefinitions.DashboardSteps.<init>(DashboardSteps.java:15)
at com.skillio.stepdefinitions.DashboardSteps.<init>(DashboardSteps.java:15)
at com.skillio.stepdefinitions.DashboardSteps.<init>(DashboardSteps.java:15)
at com.skillio.stepdefinitions.DashboardSteps.<init>(DashboardSteps.java:15)
at com.skillio.stepdefinitions.DashboardSteps.<init>(DashboardSteps.java:15)
at com.skillio.stepdefinitions.DashboardSteps.<init>(DashboardSteps.java:15)
at com.skillio.stepdefinitions.DashboardSteps.<init>(DashboardSteps.java:15)
at com.skillio.stepdefinitions.DashboardSteps.<init>(DashboardSteps.java:15)
at com.skillio.stepdefinitions.DashboardSteps.<init>(DashboardSteps.java:15)
at com.skillio.stepdefinitions.DashboardSteps.<init>(DashboardSteps.java:15)
at com.skillio.stepdefinitions.DashboardSteps.<init>(DashboardSteps.java:15)
at com.skillio.stepdefinitions.DashboardSteps.<init>(DashboardSteps.java:15)
at com.skillio.stepdefinitions.DashboardSteps.<init>(DashboardSteps.java:15)
at com.skillio.stepdefinitions.DashboardSteps.<init>(DashboardSteps.java:15)
at com.skillio.stepdefinitions.DashboardSteps.<init>(DashboardSteps.java:15)
at com.skillio.stepdefinitions.DashboardSteps.<init>(DashboardSteps.java:15)
at com.skillio.stepdefinitions.DashboardSteps.<init>(DashboardSteps.java:15)
at com.skillio.stepdefinitions.DashboardSteps.<init>(DashboardSteps.java:15)
at com.skillio.stepdefinitions.DashboardSteps.<init>(DashboardSteps.java:15)
at com.skillio.stepdefinitions.DashboardSteps.<init>(DashboardSteps.java:15)
at com.skillio.stepdefinitions.DashboardSteps.<init>(DashboardSteps.java:15)
at com.skillio.stepdefinitions.DashboardSteps.<init>(DashboardSteps.java:15)
at com.skillio.stepdefinitions.DashboardSteps.<init>(DashboardSteps.java:15)
at com.skillio.stepdefinitions.DashboardSteps.<init>(DashboardSteps.java:15)
at com.skillio.stepdefinitions.DashboardSteps.<init>(DashboardSteps.java:15)
at com.skillio.stepdefinitions.DashboardSteps.<init>(DashboardSteps.java:15)
at com.skillio.stepdefinitions.DashboardSteps.<init>(DashboardSteps.java:15)
at com.skillio.stepdefinitions.DashboardSteps.<init>(DashboardSteps.java:15)
at com.skillio.stepdefinitions.DashboardSteps.<init>(DashboardSteps.java:15)
at com.skillio.stepdefinitions.DashboardSteps.<init>(DashboardSteps.java:15)
at com.skillio.stepdefinitions.DashboardSteps.<init>(DashboardSteps.java:15)
at com.skillio.stepdefinitions.DashboardSteps.<init>(DashboardSteps.java:15)
at com.skillio.stepdefinitions.DashboardSteps.<init>(DashboardSteps.java:15)
at com.skillio.stepdefinitions.DashboardSteps.<init>(DashboardSteps.java:15)
at com.skillio.stepdefinitions.DashboardSteps.<init>(DashboardSteps.java:15)
at com.skillio.stepdefinitions.DashboardSteps.<init>(DashboardSteps.java:15)
at com.skillio.stepdefinitions.DashboardSteps.<init>(DashboardSteps.java:15)
at com.skillio.stepdefinitions.DashboardSteps.<init>(DashboardSteps.java:15)
at com.skillio.stepdefinitions.DashboardSteps.<init>(DashboardSteps.java:15)
at com.skillio.stepdefinitions.DashboardSteps.<init>(DashboardSteps.java:15)
at com.skillio.stepdefinitions.DashboardSteps.<init>(DashboardSteps.java:15)
at com.skillio.stepdefinitions.DashboardSteps.<init>(DashboardSteps.java:15)
at com.skillio.stepdefinitions.DashboardSteps.<init>(DashboardSteps.java:15)
at com.skillio.stepdefinitions.DashboardSteps.<init>(DashboardSteps.java:15)
at com.skillio.stepdefinitions.DashboardSteps.<init>(DashboardSteps.java:15)
at com.skillio.stepdefinitions.DashboardSteps.<init>(DashboardSteps.java:15)
at com.skillio.stepdefinitions.DashboardSteps.<init>(DashboardSteps.java:15)
at com.skillio.stepdefinitions.DashboardSteps.<init>(DashboardSteps.java:15)
at com.skillio.stepdefinitions.DashboardSteps.<init>(DashboardSteps.java:15)
at com.skillio.stepdefinitions.DashboardSteps.<init>(DashboardSteps.java:15)
at com.skillio.stepdefinitions.DashboardSteps.<init>(DashboardSteps.java:15)
at com.skillio.stepdefinitions.DashboardSteps.<init>(DashboardSteps.java:15)
at com.skillio.stepdefinitions.DashboardSteps.<init>(DashboardSteps.java:15)
at com.skillio.stepdefinitions.DashboardSteps.<init>(DashboardSteps.java:15)
at com.skillio.stepdefinitions.DashboardSteps.<init>(DashboardSteps.java:15)
at com.skillio.stepdefinitions.DashboardSteps.<init>(DashboardSteps.java:15)
at com.skillio.stepdefinitions.DashboardSteps.<init>(DashboardSteps.java:15)
at com.skillio.stepdefinitions.DashboardSteps.<init>(DashboardSteps.java:15)
at com.skillio.stepdefinitions.DashboardSteps.<init>(DashboardSteps.java:15)
at com.skillio.stepdefinitions.DashboardSteps.<init>(DashboardSteps.java:15)
at com.skillio.stepdefinitions.DashboardSteps.<init>(DashboardSteps.java:15)
at com.skillio.stepdefinitions.DashboardSteps.<init>(DashboardSteps.java:15)
at com.skillio.stepdefinitions.DashboardSteps.<init>(DashboardSteps.java:15)
at com.skillio.stepdefinitions.DashboardSteps.<init>(DashboardSteps.java:15)
at com.skillio.stepdefinitions.DashboardSteps.<init>(DashboardSteps.java:15)
at com.skillio.stepdefinitions.DashboardSteps.<init>(DashboardSteps.java:15)
at com.skillio.stepdefinitions.DashboardSteps.<init>(DashboardSteps.java:15)
at com.skillio.stepdefinitions.DashboardSteps.<init>(DashboardSteps.java:15)
at com.skillio.stepdefinitions.DashboardSteps.<init>(DashboardSteps.java:15)
at com.skillio.stepdefinitions.DashboardSteps.<init>(DashboardSteps.java:15)
at com.skillio.stepdefinitions.DashboardSteps.<init>(DashboardSteps.java:15)
at com.skillio.stepdefinitions.DashboardSteps.<init>(DashboardSteps.java:15)
at com.skillio.stepdefinitions.DashboardSteps.<init>(DashboardSteps.java:15)
at com.skillio.stepdefinitions.DashboardSteps.<init>(DashboardSteps.java:15)
at com.skillio.stepdefinitions.DashboardSteps.<init>(DashboardSteps.java:15)
at com.skillio.stepdefinitions.DashboardSteps.<init>(DashboardSteps.java:15)
at com.skillio.stepdefinitions.DashboardSteps.<init>(DashboardSteps.java:15)
at com.skillio.stepdefinitions.DashboardSteps.<init>(DashboardSteps.java:15)
at com.skillio.stepdefinitions.DashboardSteps.<init>(DashboardSteps.java:15)
at com.skillio.stepdefinitions.DashboardSteps.<init>(DashboardSteps.java:15)
at com.skillio.stepdefinitions.DashboardSteps.<init>(DashboardSteps.java:15)
at com.skillio.stepdefinitions.DashboardSteps.<init>(DashboardSteps.java:15)
at com.skillio.stepdefinitions.DashboardSteps.<init>(DashboardSteps.java:15)
at com.skillio.stepdefinitions.DashboardSteps.<init>(DashboardSteps.java:15)
at com.skillio.stepdefinitions.DashboardSteps.<init>(DashboardSteps.java:15)
at com.skillio.stepdefinitions.DashboardSteps.<init>(DashboardSteps.java:15)
at com.skillio.stepdefinitions.DashboardSteps.<init>(DashboardSteps.java:15)
at com.skillio.stepdefinitions.DashboardSteps.<init>(DashboardSteps.java:15)
at com.skillio.stepdefinitions.DashboardSteps.<init>(DashboardSteps.java:15)
at com.skillio.stepdefinitions.DashboardSteps.<init>(DashboardSteps.java:15)
at com.skillio.stepdefinitions.DashboardSteps.<init>(DashboardSteps.java:15)
at com.skillio.stepdefinitions.DashboardSteps.<init>(DashboardSteps.java:15)
at com.skillio.stepdefinitions.DashboardSteps.<init>(DashboardSteps.java:15)
at com.skillio.stepdefinitions.DashboardSteps.<init>(DashboardSteps.java:15)
at com.skillio.stepdefinitions.DashboardSteps.<init>(DashboardSteps.java:15)
at com.skillio.stepdefinitions.DashboardSteps.<init>(DashboardSteps.java:15)
at com.skillio.stepdefinitions.DashboardSteps.<init>(DashboardSteps.java:15)
at com.skillio.stepdefinitions.DashboardSteps.<init>(DashboardSteps.java:15)
at com.skillio.stepdefinitions.DashboardSteps.<init>(DashboardSteps.java:15)
at com.skillio.stepdefinitions.DashboardSteps.<init>(DashboardSteps.java:15)
at com.skillio.stepdefinitions.DashboardSteps.<init>(DashboardSteps.java:15)
at com.skillio.stepdefinitions.DashboardSteps.<init>(DashboardSteps.java:15)
at com.skillio.stepdefinitions.DashboardSteps.<init>(DashboardSteps.java:15)
at com.skillio.stepdefinitions.DashboardSteps.<init>(DashboardSteps.java:15)
at com.skillio.stepdefinitions.DashboardSteps.<init>(DashboardSteps.java:15)
at com.skillio.stepdefinitions.DashboardSteps.<init>(DashboardSteps.java:15)
at com.skillio.stepdefinitions.DashboardSteps.<init>(DashboardSteps.java:15)
at com.skillio.stepdefinitions.DashboardSteps.<init>(DashboardSteps.java:15)
at com.skillio.stepdefinitions.DashboardSteps.<init>(DashboardSteps.java:15)
at com.skillio.stepdefinitions.DashboardSteps.<init>(DashboardSteps.java:15)
at com.skillio.stepdefinitions.DashboardSteps.<init>(DashboardSteps.java:15)
at com.skillio.stepdefinitions.DashboardSteps.<init>(DashboardSteps.java:15)
at com.skillio.stepdefinitions.DashboardSteps.<init>(DashboardSteps.java:15)
at com.skillio.stepdefinitions.DashboardSteps.<init>(DashboardSteps.java:15)
at com.skillio.stepdefinitions.DashboardSteps.<init>(DashboardSteps.java:15)
at com.skillio.stepdefinitions.DashboardSteps.<init>(DashboardSteps.java:15)
at com.skillio.stepdefinitions.DashboardSteps.<init>(DashboardSteps.java:15)
at com.skillio.stepdefinitions.DashboardSteps.<init>(DashboardSteps.java:15)
at com.skillio.stepdefinitions.DashboardSteps.<init>(DashboardSteps.java:15)
at com.skillio.stepdefinitions.DashboardSteps.<init>(DashboardSteps.java:15)
at com.skillio.stepdefinitions.DashboardSteps.<init>(DashboardSteps.java:15)
at com.skillio.stepdefinitions.DashboardSteps.<init>(DashboardSteps.java:15)
at com.skillio.stepdefinitions.DashboardSteps.<init>(DashboardSteps.java:15)
at com.skillio.stepdefinitions.DashboardSteps.<init>(DashboardSteps.java:15)
at com.skillio.stepdefinitions.DashboardSteps.<init>(DashboardSteps.java:15)
at com.skillio.stepdefinitions.DashboardSteps.<init>(DashboardSteps.java:15)
at com.skillio.stepdefinitions.DashboardSteps.<init>(DashboardSteps.java:15)
at com.skillio.stepdefinitions.DashboardSteps.<init>(DashboardSteps.java:15)
at com.skillio.stepdefinitions.DashboardSteps.<init>(DashboardSteps.java:15)
at com.skillio.stepdefinitions.DashboardSteps.<init>(DashboardSteps.java:15)
at com.skillio.stepdefinitions.DashboardSteps.<init>(DashboardSteps.java:15)
at com.skillio.stepdefinitions.DashboardSteps.<init>(DashboardSteps.java:15)
at com.skillio.stepdefinitions.DashboardSteps.<init>(DashboardSteps.java:15)
at com.skillio.stepdefinitions.DashboardSteps.<init>(DashboardSteps.java:15)
at com.skillio.stepdefinitions.DashboardSteps.<init>(DashboardSteps.java:15)
at com.skillio.stepdefinitions.DashboardSteps.<init>(DashboardSteps.java:15)
at com.skillio.stepdefinitions.DashboardSteps.<init>(DashboardSteps.java:15)
at com.skillio.stepdefinitions.DashboardSteps.<init>(DashboardSteps.java:15)
at com.skillio.stepdefinitions.DashboardSteps.<init>(DashboardSteps.java:15)
at com.skillio.stepdefinitions.DashboardSteps.<init>(DashboardSteps.java:15)
at com.skillio.stepdefinitions.DashboardSteps.<init>(DashboardSteps.java:15)
at com.skillio.stepdefinitions.DashboardSteps.<init>(DashboardSteps.java:15)
at com.skillio.stepdefinitions.DashboardSteps.<init>(DashboardSteps.java:15)
at com.skillio.stepdefinitions.DashboardSteps.<init>(DashboardSteps.java:15)
at com.skillio.stepdefinitions.DashboardSteps.<init>(DashboardSteps.java:15)
at com.skillio.stepdefinitions.DashboardSteps.<init>(DashboardSteps.java:15)
at com.skillio.stepdefinitions.DashboardSteps.<init>(DashboardSteps.java:15)
at com.skillio.stepdefinitions.DashboardSteps.<init>(DashboardSteps.java:15)
at com.skillio.stepdefinitions.DashboardSteps.<init>(DashboardSteps.java:15)
at com.skillio.stepdefinitions.DashboardSteps.<init>(DashboardSteps.java:15)
at com.skillio.stepdefinitions.DashboardSteps.<init>(DashboardSteps.java:15)
at com.skillio.stepdefinitions.DashboardSteps.<init>(DashboardSteps.java:15)
at com.skillio.stepdefinitions.DashboardSteps.<init>(DashboardSteps.java:15)
at com.skillio.stepdefinitions.DashboardSteps.<init>(DashboardSteps.java:15)
at com.skillio.stepdefinitions.DashboardSteps.<init>(DashboardSteps.java:15)
at com.skillio.stepdefinitions.DashboardSteps.<init>(DashboardSteps.java:15)
at com.skillio.stepdefinitions.DashboardSteps.<init>(DashboardSteps.java:15)
at com.skillio.stepdefinitions.DashboardSteps.<init>(DashboardSteps.java:15)
at com.skillio.stepdefinitions.DashboardSteps.<init>(DashboardSteps.java:15)
at com.skillio.stepdefinitions.DashboardSteps.<init>(DashboardSteps.java:15)
at com.skillio.stepdefinitions.DashboardSteps.<init>(DashboardSteps.java:15)
at com.skillio.stepdefinitions.DashboardSteps.<init>(DashboardSteps.java:15)
at com.skillio.stepdefinitions.DashboardSteps.<init>(DashboardSteps.java:15)
at com.skillio.stepdefinitions.DashboardSteps.<init>(DashboardSteps.java:15)
at com.skillio.stepdefinitions.DashboardSteps.<init>(DashboardSteps.java:15)
at com.skillio.stepdefinitions.DashboardSteps.<init>(DashboardSteps.java:15)
at com.skillio.stepdefinitions.DashboardSteps.<init>(DashboardSteps.java:15)
at com.skillio.stepdefinitions.DashboardSteps.<init>(DashboardSteps.java:15)
at com.skillio.stepdefinitions.DashboardSteps.<init>(DashboardSteps.java:15)
at com.skillio.stepdefinitions.DashboardSteps.<init>(DashboardSteps.java:15)
at com.skillio.stepdefinitions.DashboardSteps.<init>(DashboardSteps.java:15)
at com.skillio.stepdefinitions.DashboardSteps.<init>(DashboardSteps.java:15)
at com.skillio.stepdefinitions.DashboardSteps.<init>(DashboardSteps.java:15)
at com.skillio.stepdefinitions.DashboardSteps.<init>(DashboardSteps.java:15)
at com.skillio.stepdefinitions.DashboardSteps.<init>(DashboardSteps.java:15)
at com.skillio.stepdefinitions.DashboardSteps.<init>(DashboardSteps.java:15)
at com.skillio.stepdefinitions.DashboardSteps.<init>(DashboardSteps.java:15)
at com.skillio.stepdefinitions.DashboardSteps.<init>(DashboardSteps.java:15)
at com.skillio.stepdefinitions.DashboardSteps.<init>(DashboardSteps.java:15)
at com.skillio.stepdefinitions.DashboardSteps.<init>(DashboardSteps.java:15)
at com.skillio.stepdefinitions.DashboardSteps.<init>(DashboardSteps.java:15)
at com.skillio.stepdefinitions.DashboardSteps.<init>(DashboardSteps.java:15)
at com.skillio.stepdefinitions.DashboardSteps.<init>(DashboardSteps.java:15)
at com.skillio.stepdefinitions.DashboardSteps.<init>(DashboardSteps.java:15)
at com.skillio.stepdefinitions.DashboardSteps.<init>(DashboardSteps.java:15)
at com.skillio.stepdefinitions.DashboardSteps.<init>(DashboardSteps.java:15)
at com.skillio.stepdefinitions.DashboardSteps.<init>(DashboardSteps.java:15)
at com.skillio.stepdefinitions.DashboardSteps.<init>(DashboardSteps.java:15)
at com.skillio.stepdefinitions.DashboardSteps.<init>(DashboardSteps.java:15)
at com.skillio.stepdefinitions.DashboardSteps.<init>(DashboardSteps.java:15)
at com.skillio.stepdefinitions.DashboardSteps.<init>(DashboardSteps.java:15)
at com.skillio.stepdefinitions.DashboardSteps.<init>(DashboardSteps.java:15)
at com.skillio.stepdefinitions.DashboardSteps.<init>(DashboardSteps.java:15)
at com.skillio.stepdefinitions.DashboardSteps.<init>(DashboardSteps.java:15)
at com.skillio.stepdefinitions.DashboardSteps.<init>(DashboardSteps.java:15)
at com.skillio.stepdefinitions.DashboardSteps.<init>(DashboardSteps.java:15)
at com.skillio.stepdefinitions.DashboardSteps.<init>(DashboardSteps.java:15)
at com.skillio.stepdefinitions.DashboardSteps.<init>(DashboardSteps.java:15)
at com.skillio.stepdefinitions.DashboardSteps.<init>(DashboardSteps.java:15)
at com.skillio.stepdefinitions.DashboardSteps.<init>(DashboardSteps.java:15)
at com.skillio.stepdefinitions.DashboardSteps.<init>(DashboardSteps.java:15)
at com.skillio.stepdefinitions.DashboardSteps.<init>(DashboardSteps.java:15)
at com.skillio.stepdefinitions.DashboardSteps.<init>(DashboardSteps.java:15)
at com.skillio.stepdefinitions.DashboardSteps.<init>(DashboardSteps.java:15)
at com.skillio.stepdefinitions.DashboardSteps.<init>(DashboardSteps.java:15)
at com.skillio.stepdefinitions.DashboardSteps.<init>(DashboardSteps.java:15)
at com.skillio.stepdefinitions.DashboardSteps.<init>(DashboardSteps.java:15)
at com.skillio.stepdefinitions.DashboardSteps.<init>(DashboardSteps.java:15)
at com.skillio.stepdefinitions.DashboardSteps.<init>(DashboardSteps.java:15)
at com.skillio.stepdefinitions.DashboardSteps.<init>(DashboardSteps.java:15)
at com.skillio.stepdefinitions.DashboardSteps.<init>(DashboardSteps.java:15)
at com.skillio.stepdefinitions.DashboardSteps.<init>(DashboardSteps.java:15)
at com.skillio.stepdefinitions.DashboardSteps.<init>(DashboardSteps.java:15)
at com.skillio.stepdefinitions.DashboardSteps.<init>(DashboardSteps.java:15)
at com.skillio.stepdefinitions.DashboardSteps.<init>(DashboardSteps.java:15)
at com.skillio.stepdefinitions.DashboardSteps.<init>(DashboardSteps.java:15)
at com.skillio.stepdefinitions.DashboardSteps.<init>(DashboardSteps.java:15)
at com.skillio.stepdefinitions.DashboardSteps.<init>(DashboardSteps.java:15)
at com.skillio.stepdefinitions.DashboardSteps.<init>(DashboardSteps.java:15)
at com.skillio.stepdefinitions.DashboardSteps.<init>(DashboardSteps.java:15)
at com.skillio.stepdefinitions.DashboardSteps.<init>(DashboardSteps.java:15)
at com.skillio.stepdefinitions.DashboardSteps.<init>(DashboardSteps.java:15)
at com.skillio.stepdefinitions.DashboardSteps.<init>(DashboardSteps.java:15)
at com.skillio.stepdefinitions.DashboardSteps.<init>(DashboardSteps.java:15)
at com.skillio.stepdefinitions.DashboardSteps.<init>(DashboardSteps.java:15)
at com.skillio.stepdefinitions.DashboardSteps.<init>(DashboardSteps.java:15)
at com.skillio.stepdefinitions.DashboardSteps.<init>(DashboardSteps.java:15)
at com.skillio.stepdefinitions.DashboardSteps.<init>(DashboardSteps.java:15)
at com.skillio.stepdefinitions.DashboardSteps.<init>(DashboardSteps.java:15)
at com.skillio.stepdefinitions.DashboardSteps.<init>(DashboardSteps.java:15)
at com.skillio.stepdefinitions.DashboardSteps.<init>(DashboardSteps.java:15)
at com.skillio.stepdefinitions.DashboardSteps.<init>(DashboardSteps.java:15)
at com.skillio.stepdefinitions.DashboardSteps.<init>(DashboardSteps.java:15)
at com.skillio.stepdefinitions.DashboardSteps.<init>(DashboardSteps.java:15)
at com.skillio.stepdefinitions.DashboardSteps.<init>(DashboardSteps.java:15)
at com.skillio.stepdefinitions.DashboardSteps.<init>(DashboardSteps.java:15)
at com.skillio.stepdefinitions.DashboardSteps.<init>(DashboardSteps.java:15)
at com.skillio.stepdefinitions.DashboardSteps.<init>(DashboardSteps.java:15)
at com.skillio.stepdefinitions.DashboardSteps.<init>(DashboardSteps.java:15)
at com.skillio.stepdefinitions.DashboardSteps.<init>(DashboardSteps.java:15)
at com.skillio.stepdefinitions.DashboardSteps.<init>(DashboardSteps.java:15)
at com.skillio.stepdefinitions.DashboardSteps.<init>(DashboardSteps.java:15)
at com.skillio.stepdefinitions.DashboardSteps.<init>(DashboardSteps.java:15)
at com.skillio.stepdefinitions.DashboardSteps.<init>(DashboardSteps.java:15)
at com.skillio.stepdefinitions.DashboardSteps.<init>(DashboardSteps.java:15)
at com.skillio.stepdefinitions.DashboardSteps.<init>(DashboardSteps.java:15)
at com.skillio.stepdefinitions.DashboardSteps.<init>(DashboardSteps.java:15)
at com.skillio.stepdefinitions.DashboardSteps.<init>(DashboardSteps.java:15)
at com.skillio.stepdefinitions.DashboardSteps.<init>(DashboardSteps.java:15)
at com.skillio.stepdefinitions.DashboardSteps.<init>(DashboardSteps.java:15)
at com.skillio.stepdefinitions.DashboardSteps.<init>(DashboardSteps.java:15)
at com.skillio.stepdefinitions.DashboardSteps.<init>(DashboardSteps.java:15)
at com.skillio.stepdefinitions.DashboardSteps.<init>(DashboardSteps.java:15)
at com.skillio.stepdefinitions.DashboardSteps.<init>(DashboardSteps.java:15)
at com.skillio.stepdefinitions.DashboardSteps.<init>(DashboardSteps.java:15)
at com.skillio.stepdefinitions.DashboardSteps.<init>(DashboardSteps.java:15)
at com.skillio.stepdefinitions.DashboardSteps.<init>(DashboardSteps.java:15)
at com.skillio.stepdefinitions.DashboardSteps.<init>(DashboardSteps.java:15)
at com.skillio.stepdefinitions.DashboardSteps.<init>(DashboardSteps.java:15)
at com.skillio.stepdefinitions.DashboardSteps.<init>(DashboardSteps.java:15)
at com.skillio.stepdefinitions.DashboardSteps.<init>(DashboardSteps.java:15)
at com.skillio.stepdefinitions.DashboardSteps.<init>(DashboardSteps.java:15)
at com.skillio.stepdefinitions.DashboardSteps.<init>(DashboardSteps.java:15)
at com.skillio.stepdefinitions.DashboardSteps.<init>(DashboardSteps.java:15)
at com.skillio.stepdefinitions.DashboardSteps.<init>(DashboardSteps.java:15)
at com.skillio.stepdefinitions.DashboardSteps.<init>(DashboardSteps.java:15)
at com.skillio.stepdefinitions.DashboardSteps.<init>(DashboardSteps.java:15)
at com.skillio.stepdefinitions.DashboardSteps.<init>(DashboardSteps.java:15)
at com.skillio.stepdefinitions.DashboardSteps.<init>(DashboardSteps.java:15)
at com.skillio.stepdefinitions.DashboardSteps.<init>(DashboardSteps.java:15)
at com.skillio.stepdefinitions.DashboardSteps.<init>(DashboardSteps.java:15)
at com.skillio.stepdefinitions.DashboardSteps.<init>(DashboardSteps.java:15)
at com.skillio.stepdefinitions.DashboardSteps.<init>(DashboardSteps.java:15)
at com.skillio.stepdefinitions.DashboardSteps.<init>(DashboardSteps.java:15)
at com.skillio.stepdefinitions.DashboardSteps.<init>(DashboardSteps.java:15)
at com.skillio.stepdefinitions.DashboardSteps.<init>(DashboardSteps.java:15)
at com.skillio.stepdefinitions.DashboardSteps.<init>(DashboardSteps.java:15)
at com.skillio.stepdefinitions.DashboardSteps.<init>(DashboardSteps.java:15)
at com.skillio.stepdefinitions.DashboardSteps.<init>(DashboardSteps.java:15)
at com.skillio.stepdefinitions.DashboardSteps.<init>(DashboardSteps.java:15)
at com.skillio.stepdefinitions.DashboardSteps.<init>(DashboardSteps.java:15)
at com.skillio.stepdefinitions.DashboardSteps.<init>(DashboardSteps.java:15)
at com.skillio.stepdefinitions.DashboardSteps.<init>(DashboardSteps.java:15)
at com.skillio.stepdefinitions.DashboardSteps.<init>(DashboardSteps.java:15)
at com.skillio.stepdefinitions.DashboardSteps.<init>(DashboardSteps.java:15)
at com.skillio.stepdefinitions.DashboardSteps.<init>(DashboardSteps.java:15)
at com.skillio.stepdefinitions.DashboardSteps.<init>(DashboardSteps.java:15)
at com.skillio.stepdefinitions.DashboardSteps.<init>(DashboardSteps.java:15)
at com.skillio.stepdefinitions.DashboardSteps.<init>(DashboardSteps.java:15)
at com.skillio.stepdefinitions.DashboardSteps.<init>(DashboardSteps.java:15)
at com.skillio.stepdefinitions.DashboardSteps.<init>(DashboardSteps.java:15)
at com.skillio.stepdefinitions.DashboardSteps.<init>(DashboardSteps.java:15)
at com.skillio.stepdefinitions.DashboardSteps.<init>(DashboardSteps.java:15)
at com.skillio.stepdefinitions.DashboardSteps.<init>(DashboardSteps.java:15)
at com.skillio.stepdefinitions.DashboardSteps.<init>(DashboardSteps.java:15)
at com.skillio.stepdefinitions.DashboardSteps.<init>(DashboardSteps.java:15)
at com.skillio.stepdefinitions.DashboardSteps.<init>(DashboardSteps.java:15)
at com.skillio.stepdefinitions.DashboardSteps.<init>(DashboardSteps.java:15)
at com.skillio.stepdefinitions.DashboardSteps.<init>(DashboardSteps.java:15)
at com.skillio.stepdefinitions.DashboardSteps.<init>(DashboardSteps.java:15)
at com.skillio.stepdefinitions.DashboardSteps.<init>(DashboardSteps.java:15)
at com.skillio.stepdefinitions.DashboardSteps.<init>(DashboardSteps.java:15)
at com.skillio.stepdefinitions.DashboardSteps.<init>(DashboardSteps.java:15)
at com.skillio.stepdefinitions.DashboardSteps.<init>(DashboardSteps.java:15)
at com.skillio.stepdefinitions.DashboardSteps.<init>(DashboardSteps.java:15)
at com.skillio.stepdefinitions.DashboardSteps.<init>(DashboardSteps.java:15)
at com.skillio.stepdefinitions.DashboardSteps.<init>(DashboardSteps.java:15)
at com.skillio.stepdefinitions.DashboardSteps.<init>(DashboardSteps.java:15)
at com.skillio.stepdefinitions.DashboardSteps.<init>(DashboardSteps.java:15)
at com.skillio.stepdefinitions.DashboardSteps.<init>(DashboardSteps.java:15)
at com.skillio.stepdefinitions.DashboardSteps.<init>(DashboardSteps.java:15)
at com.skillio.stepdefinitions.DashboardSteps.<init>(DashboardSteps.java:15)
at com.skillio.stepdefinitions.DashboardSteps.<init>(DashboardSteps.java:15)
at com.skillio.stepdefinitions.DashboardSteps.<init>(DashboardSteps.java:15)
at com.skillio.stepdefinitions.DashboardSteps.<init>(DashboardSteps.java:15)
at com.skillio.stepdefinitions.DashboardSteps.<init>(DashboardSteps.java:15)
at com.skillio.stepdefinitions.DashboardSteps.<init>(DashboardSteps.java:15)
at com.skillio.stepdefinitions.DashboardSteps.<init>(DashboardSteps.java:15)
at com.skillio.stepdefinitions.DashboardSteps.<init>(DashboardSteps.java:15)
at com.skillio.stepdefinitions.DashboardSteps.<init>(DashboardSteps.java:15)
at com.skillio.stepdefinitions.DashboardSteps.<init>(DashboardSteps.java:15)
at com.skillio.stepdefinitions.DashboardSteps.<init>(DashboardSteps.java:15)
at com.skillio.stepdefinitions.DashboardSteps.<init>(DashboardSteps.java:15)
at com.skillio.stepdefinitions.DashboardSteps.<init>(DashboardSteps.java:15)
at com.skillio.stepdefinitions.DashboardSteps.<init>(DashboardSteps.java:15)
at com.skillio.stepdefinitions.DashboardSteps.<init>(DashboardSteps.java:15)
at com.skillio.stepdefinitions.DashboardSteps.<init>(DashboardSteps.java:15)
at com.skillio.stepdefinitions.DashboardSteps.<init>(DashboardSteps.java:15)
at com.skillio.stepdefinitions.DashboardSteps.<init>(DashboardSteps.java:15)
at com.skillio.stepdefinitions.DashboardSteps.<init>(DashboardSteps.java:15)
at com.skillio.stepdefinitions.DashboardSteps.<init>(DashboardSteps.java:15)
at com.skillio.stepdefinitions.DashboardSteps.<init>(DashboardSteps.java:15)
at com.skillio.stepdefinitions.DashboardSteps.<init>(DashboardSteps.java:15)
at com.skillio.stepdefinitions.DashboardSteps.<init>(DashboardSteps.java:15)
at com.skillio.stepdefinitions.DashboardSteps.<init>(DashboardSteps.java:15)
at com.skillio.stepdefinitions.DashboardSteps.<init>(DashboardSteps.java:15)
at com.skillio.stepdefinitions.DashboardSteps.<init>(DashboardSteps.java:15)
at com.skillio.stepdefinitions.DashboardSteps.<init>(DashboardSteps.java:15)
at com.skillio.stepdefinitions.DashboardSteps.<init>(DashboardSteps.java:15)
at com.skillio.stepdefinitions.DashboardSteps.<init>(DashboardSteps.java:15)
at com.skillio.stepdefinitions.DashboardSteps.<init>(DashboardSteps.java:15)
at com.skillio.stepdefinitions.DashboardSteps.<init>(DashboardSteps.java:15)
at com.skillio.stepdefinitions.DashboardSteps.<init>(DashboardSteps.java:15)
at com.skillio.stepdefinitions.DashboardSteps.<init>(DashboardSteps.java:15)
at com.skillio.stepdefinitions.DashboardSteps.<init>(DashboardSteps.java:15)
at com.skillio.stepdefinitions.DashboardSteps.<init>(DashboardSteps.java:15)
at com.skillio.stepdefinitions.DashboardSteps.<init>(DashboardSteps.java:15)
at com.skillio.stepdefinitions.DashboardSteps.<init>(DashboardSteps.java:15)
at com.skillio.stepdefinitions.DashboardSteps.<init>(DashboardSteps.java:15)
at com.skillio.stepdefinitions.DashboardSteps.<init>(DashboardSteps.java:15)
at com.skillio.stepdefinitions.DashboardSteps.<init>(DashboardSteps.java:15)
at com.skillio.stepdefinitions.DashboardSteps.<init>(DashboardSteps.java:15)
at com.skillio.stepdefinitions.DashboardSteps.<init>(DashboardSteps.java:15)
at com.skillio.stepdefinitions.DashboardSteps.<init>(DashboardSteps.java:15)
at com.skillio.stepdefinitions.DashboardSteps.<init>(DashboardSteps.java:15)
at com.skillio.stepdefinitions.DashboardSteps.<init>(DashboardSteps.java:15)
at com.skillio.stepdefinitions.DashboardSteps.<init>(DashboardSteps.java:15)
at com.skillio.stepdefinitions.DashboardSteps.<init>(DashboardSteps.java:15)
at com.skillio.stepdefinitions.DashboardSteps.<init>(DashboardSteps.java:15)
at com.skillio.stepdefinitions.DashboardSteps.<init>(DashboardSteps.java:15)
at com.skillio.stepdefinitions.DashboardSteps.<init>(DashboardSteps.java:15)
at com.skillio.stepdefinitions.DashboardSteps.<init>(DashboardSteps.java:15)
at com.skillio.stepdefinitions.DashboardSteps.<init>(DashboardSteps.java:15)
at com.skillio.stepdefinitions.DashboardSteps.<init>(DashboardSteps.java:15)
at com.skillio.stepdefinitions.DashboardSteps.<init>(DashboardSteps.java:15)
at com.skillio.stepdefinitions.DashboardSteps.<init>(DashboardSteps.java:15)
at com.skillio.stepdefinitions.DashboardSteps.<init>(DashboardSteps.java:15)
at com.skillio.stepdefinitions.DashboardSteps.<init>(DashboardSteps.java:15)
at com.skillio.stepdefinitions.DashboardSteps.<init>(DashboardSteps.java:15)
at com.skillio.stepdefinitions.DashboardSteps.<init>(DashboardSteps.java:15)
at com.skillio.stepdefinitions.DashboardSteps.<init>(DashboardSteps.java:15)
at com.skillio.stepdefinitions.DashboardSteps.<init>(DashboardSteps.java:15)
at com.skillio.stepdefinitions.DashboardSteps.<init>(DashboardSteps.java:15)
at com.skillio.stepdefinitions.DashboardSteps.<init>(DashboardSteps.java:15)
at com.skillio.stepdefinitions.DashboardSteps.<init>(DashboardSteps.java:15)
at com.skillio.stepdefinitions.DashboardSteps.<init>(DashboardSteps.java:15)
at com.skillio.stepdefinitions.DashboardSteps.<init>(DashboardSteps.java:15)
at com.skillio.stepdefinitions.DashboardSteps.<init>(DashboardSteps.java:15)
at com.skillio.stepdefinitions.DashboardSteps.<init>(DashboardSteps.java:15)
at com.skillio.stepdefinitions.DashboardSteps.<init>(DashboardSteps.java:15)
at com.skillio.stepdefinitions.DashboardSteps.<init>(DashboardSteps.java:15)
at com.skillio.stepdefinitions.DashboardSteps.<init>(DashboardSteps.java:15)
at com.skillio.stepdefinitions.DashboardSteps.<init>(DashboardSteps.java:15)
at com.skillio.stepdefinitions.DashboardSteps.<init>(DashboardSteps.java:15)
at com.skillio.stepdefinitions.DashboardSteps.<init>(DashboardSteps.java:15)
at com.skillio.stepdefinitions.DashboardSteps.<init>(DashboardSteps.java:15)
at com.skillio.stepdefinitions.DashboardSteps.<init>(DashboardSteps.java:15)
at com.skillio.stepdefinitions.DashboardSteps.<init>(DashboardSteps.java:15)
at com.skillio.stepdefinitions.DashboardSteps.<init>(DashboardSteps.java:15)
at com.skillio.stepdefinitions.DashboardSteps.<init>(DashboardSteps.java:15)
at com.skillio.stepdefinitions.DashboardSteps.<init>(DashboardSteps.java:15)
at com.skillio.stepdefinitions.DashboardSteps.<init>(DashboardSteps.java:15)
at com.skillio.stepdefinitions.DashboardSteps.<init>(DashboardSteps.java:15)
at com.skillio.stepdefinitions.DashboardSteps.<init>(DashboardSteps.java:15)
at com.skillio.stepdefinitions.DashboardSteps.<init>(DashboardSteps.java:15)
at com.skillio.stepdefinitions.DashboardSteps.<init>(DashboardSteps.java:15)
at com.skillio.stepdefinitions.DashboardSteps.<init>(DashboardSteps.java:15)
at com.skillio.stepdefinitions.DashboardSteps.<init>(DashboardSteps.java:15)
at com.skillio.stepdefinitions.DashboardSteps.<init>(DashboardSteps.java:15)
at com.skillio.stepdefinitions.DashboardSteps.<init>(DashboardSteps.java:15)
at com.skillio.stepdefinitions.DashboardSteps.<init>(DashboardSteps.java:15)
at com.skillio.stepdefinitions.DashboardSteps.<init>(DashboardSteps.java:15)
at com.skillio.stepdefinitions.DashboardSteps.<init>(DashboardSteps.java:15)
at com.skillio.stepdefinitions.DashboardSteps.<init>(DashboardSteps.java:15)
at com.skillio.stepdefinitions.DashboardSteps.<init>(DashboardSteps.java:15)
at com.skillio.stepdefinitions.DashboardSteps.<init>(DashboardSteps.java:15)
at com.skillio.stepdefinitions.DashboardSteps.<init>(DashboardSteps.java:15)
at com.skillio.stepdefinitions.DashboardSteps.<init>(DashboardSteps.java:15)
at com.skillio.stepdefinitions.DashboardSteps.<init>(DashboardSteps.java:15)
at com.skillio.stepdefinitions.DashboardSteps.<init>(DashboardSteps.java:15)
at com.skillio.stepdefinitions.DashboardSteps.<init>(DashboardSteps.java:15)
at com.skillio.stepdefinitions.DashboardSteps.<init>(DashboardSteps.java:15)
at com.skillio.stepdefinitions.DashboardSteps.<init>(DashboardSteps.java:15)
at com.skillio.stepdefinitions.DashboardSteps.<init>(DashboardSteps.java:15)
at com.skillio.stepdefinitions.DashboardSteps.<init>(DashboardSteps.java:15)
at com.skillio.stepdefinitions.DashboardSteps.<init>(DashboardSteps.java:15)
at com.skillio.stepdefinitions.DashboardSteps.<init>(DashboardSteps.java:15)
at com.skillio.stepdefinitions.DashboardSteps.<init>(DashboardSteps.java:15)
at com.skillio.stepdefinitions.DashboardSteps.<init>(DashboardSteps.java:15)
at com.skillio.stepdefinitions.DashboardSteps.<init>(DashboardSteps.java:15)
at com.skillio.stepdefinitions.DashboardSteps.<init>(DashboardSteps.java:15)
at com.skillio.stepdefinitions.DashboardSteps.<init>(DashboardSteps.java:15)
at com.skillio.stepdefinitions.DashboardSteps.<init>(DashboardSteps.java:15)
at com.skillio.stepdefinitions.DashboardSteps.<init>(DashboardSteps.java:15)
at com.skillio.stepdefinitions.DashboardSteps.<init>(DashboardSteps.java:15)
at com.skillio.stepdefinitions.DashboardSteps.<init>(DashboardSteps.java:15)
at com.skillio.stepdefinitions.DashboardSteps.<init>(DashboardSteps.java:15)
at com.skillio.stepdefinitions.DashboardSteps.<init>(DashboardSteps.java:15)
at com.skillio.stepdefinitions.DashboardSteps.<init>(DashboardSteps.java:15)
at com.skillio.stepdefinitions.DashboardSteps.<init>(DashboardSteps.java:15)
at com.skillio.stepdefinitions.DashboardSteps.<init>(DashboardSteps.java:15)
at com.skillio.stepdefinitions.DashboardSteps.<init>(DashboardSteps.java:15)
at com.skillio.stepdefinitions.DashboardSteps.<init>(DashboardSteps.java:15)
at com.skillio.stepdefinitions.DashboardSteps.<init>(DashboardSteps.java:15)
at com.skillio.stepdefinitions.DashboardSteps.<init>(DashboardSteps.java:15)
at com.skillio.stepdefinitions.DashboardSteps.<init>(DashboardSteps.java:15)
at com.skillio.stepdefinitions.DashboardSteps.<init>(DashboardSteps.java:15)
at com.skillio.stepdefinitions.DashboardSteps.<init>(DashboardSteps.java:15)
at com.skillio.stepdefinitions.DashboardSteps.<init>(DashboardSteps.java:15)
at com.skillio.stepdefinitions.DashboardSteps.<init>(DashboardSteps.java:15)
at com.skillio.stepdefinitions.DashboardSteps.<init>(DashboardSteps.java:15)
at com.skillio.stepdefinitions.DashboardSteps.<init>(DashboardSteps.java:15)
at com.skillio.stepdefinitions.DashboardSteps.<init>(DashboardSteps.java:15)
at com.skillio.stepdefinitions.DashboardSteps.<init>(DashboardSteps.java:15)
at com.skillio.stepdefinitions.DashboardSteps.<init>(DashboardSteps.java:15)
at com.skillio.stepdefinitions.DashboardSteps.<init>(DashboardSteps.java:15)
at com.skillio.stepdefinitions.DashboardSteps.<init>(DashboardSteps.java:15)
at com.skillio.stepdefinitions.DashboardSteps.<init>(DashboardSteps.java:15)
at com.skillio.stepdefinitions.DashboardSteps.<init>(DashboardSteps.java:15)
at com.skillio.stepdefinitions.DashboardSteps.<init>(DashboardSteps.java:15)
at com.skillio.stepdefinitions.DashboardSteps.<init>(DashboardSteps.java:15)
at com.skillio.stepdefinitions.DashboardSteps.<init>(DashboardSteps.java:15)
at com.skillio.stepdefinitions.DashboardSteps.<init>(DashboardSteps.java:15)
at com.skillio.stepdefinitions.DashboardSteps.<init>(DashboardSteps.java:15)
at com.skillio.stepdefinitions.DashboardSteps.<init>(DashboardSteps.java:15)
at com.skillio.stepdefinitions.DashboardSteps.<init>(DashboardSteps.java:15)
at com.skillio.stepdefinitions.DashboardSteps.<init>(DashboardSteps.java:15)
at com.skillio.stepdefinitions.DashboardSteps.<init>(DashboardSteps.java:15)
at com.skillio.stepdefinitions.DashboardSteps.<init>(DashboardSteps.java:15)
at com.skillio.stepdefinitions.DashboardSteps.<init>(DashboardSteps.java:15)
at com.skillio.stepdefinitions.DashboardSteps.<init>(DashboardSteps.java:15)
at com.skillio.stepdefinitions.DashboardSteps.<init>(DashboardSteps.java:15)
at com.skillio.stepdefinitions.DashboardSteps.<init>(DashboardSteps.java:15)
at com.skillio.stepdefinitions.DashboardSteps.<init>(DashboardSteps.java:15)
at com.skillio.stepdefinitions.DashboardSteps.<init>(DashboardSteps.java:15)
at com.skillio.stepdefinitions.DashboardSteps.<init>(DashboardSteps.java:15)
at com.skillio.stepdefinitions.DashboardSteps.<init>(DashboardSteps.java:15)
at com.skillio.stepdefinitions.DashboardSteps.<init>(DashboardSteps.java:15)
at com.skillio.stepdefinitions.DashboardSteps.<init>(DashboardSteps.java:15)
at com.skillio.stepdefinitions.DashboardSteps.<init>(DashboardSteps.java:15)
at com.skillio.stepdefinitions.DashboardSteps.<init>(DashboardSteps.java:15)
at com.skillio.stepdefinitions.DashboardSteps.<init>(DashboardSteps.java:15)
at com.skillio.stepdefinitions.DashboardSteps.<init>(DashboardSteps.java:15)
at com.skillio.stepdefinitions.DashboardSteps.<init>(DashboardSteps.java:15)
at com.skillio.stepdefinitions.DashboardSteps.<init>(DashboardSteps.java:15)
at com.skillio.stepdefinitions.DashboardSteps.<init>(DashboardSteps.java:15)
at com.skillio.stepdefinitions.DashboardSteps.<init>(DashboardSteps.java:15)
at com.skillio.stepdefinitions.DashboardSteps.<init>(DashboardSteps.java:15)
at com.skillio.stepdefinitions.DashboardSteps.<init>(DashboardSteps.java:15)
at com.skillio.stepdefinitions.DashboardSteps.<init>(DashboardSteps.java:15)
at com.skillio.stepdefinitions.DashboardSteps.<init>(DashboardSteps.java:15)
at com.skillio.stepdefinitions.DashboardSteps.<init>(DashboardSteps.java:15)
at com.skillio.stepdefinitions.DashboardSteps.<init>(DashboardSteps.java:15)
at com.skillio.stepdefinitions.DashboardSteps.<init>(DashboardSteps.java:15)
at com.skillio.stepdefinitions.DashboardSteps.<init>(DashboardSteps.java:15)
at com.skillio.stepdefinitions.DashboardSteps.<init>(DashboardSteps.java:15)
at com.skillio.stepdefinitions.DashboardSteps.<init>(DashboardSteps.java:15)
at com.skillio.stepdefinitions.DashboardSteps.<init>(DashboardSteps.java:15)
at com.skillio.stepdefinitions.DashboardSteps.<init>(DashboardSteps.java:15)
at com.skillio.stepdefinitions.DashboardSteps.<init>(DashboardSteps.java:15)
at com.skillio.stepdefinitions.DashboardSteps.<init>(DashboardSteps.java:15)
at com.skillio.stepdefinitions.DashboardSteps.<init>(DashboardSteps.java:15)
at com.skillio.stepdefinitions.DashboardSteps.<init>(DashboardSteps.java:15)
at com.skillio.stepdefinitions.DashboardSteps.<init>(DashboardSteps.java:15)
at com.skillio.stepdefinitions.DashboardSteps.<init>(DashboardSteps.java:15)
at com.skillio.stepdefinitions.DashboardSteps.<init>(DashboardSteps.java:15)
at com.skillio.stepdefinitions.DashboardSteps.<init>(DashboardSteps.java:15)
at com.skillio.stepdefinitions.DashboardSteps.<init>(DashboardSteps.java:15)
at com.skillio.stepdefinitions.DashboardSteps.<init>(DashboardSteps.java:15)
at com.skillio.stepdefinitions.DashboardSteps.<init>(DashboardSteps.java:15)
at com.skillio.stepdefinitions.DashboardSteps.<init>(DashboardSteps.java:15)
at com.skillio.stepdefinitions.DashboardSteps.<init>(DashboardSteps.java:15)
at com.skillio.stepdefinitions.DashboardSteps.<init>(DashboardSteps.java:15)
at com.skillio.stepdefinitions.DashboardSteps.<init>(DashboardSteps.java:15)
at com.skillio.stepdefinitions.DashboardSteps.<init>(DashboardSteps.java:15)
at com.skillio.stepdefinitions.DashboardSteps.<init>(DashboardSteps.java:15)
at com.skillio.stepdefinitions.DashboardSteps.<init>(DashboardSteps.java:15)
at com.skillio.stepdefinitions.DashboardSteps.<init>(DashboardSteps.java:15)
at com.skillio.stepdefinitions.DashboardSteps.<init>(DashboardSteps.java:15)
at com.skillio.stepdefinitions.DashboardSteps.<init>(DashboardSteps.java:15)
at com.skillio.stepdefinitions.DashboardSteps.<init>(DashboardSteps.java:15)
at com.skillio.stepdefinitions.DashboardSteps.<init>(DashboardSteps.java:15)
at com.skillio.stepdefinitions.DashboardSteps.<init>(DashboardSteps.java:15)
at com.skillio.stepdefinitions.DashboardSteps.<init>(DashboardSteps.java:15)
at com.skillio.stepdefinitions.DashboardSteps.<init>(DashboardSteps.java:15)
at com.skillio.stepdefinitions.DashboardSteps.<init>(DashboardSteps.java:15)
at com.skillio.stepdefinitions.DashboardSteps.<init>(DashboardSteps.java:15)
at com.skillio.stepdefinitions.DashboardSteps.<init>(DashboardSteps.java:15)
at com.skillio.stepdefinitions.DashboardSteps.<init>(DashboardSteps.java:15)
at com.skillio.stepdefinitions.DashboardSteps.<init>(DashboardSteps.java:15)
at com.skillio.stepdefinitions.DashboardSteps.<init>(DashboardSteps.java:15)
at com.skillio.stepdefinitions.DashboardSteps.<init>(DashboardSteps.java:15)
at com.skillio.stepdefinitions.DashboardSteps.<init>(DashboardSteps.java:15)
at com.skillio.stepdefinitions.DashboardSteps.<init>(DashboardSteps.java:15)
at com.skillio.stepdefinitions.DashboardSteps.<init>(DashboardSteps.java:15)
at com.skillio.stepdefinitions.DashboardSteps.<init>(DashboardSteps.java:15)
at com.skillio.stepdefinitions.DashboardSteps.<init>(DashboardSteps.java:15)
at com.skillio.stepdefinitions.DashboardSteps.<init>(DashboardSteps.java:15)
at com.skillio.stepdefinitions.DashboardSteps.<init>(DashboardSteps.java:15)
at com.skillio.stepdefinitions.DashboardSteps.<init>(DashboardSteps.java:15)
at com.skillio.stepdefinitions.DashboardSteps.<init>(DashboardSteps.java:15)
at com.skillio.stepdefinitions.DashboardSteps.<init>(DashboardSteps.java:15)
at com.skillio.stepdefinitions.DashboardSteps.<init>(DashboardSteps.java:15)
at com.skillio.stepdefinitions.DashboardSteps.<init>(DashboardSteps.java:15)
at com.skillio.stepdefinitions.DashboardSteps.<init>(DashboardSteps.java:15)
at com.skillio.stepdefinitions.DashboardSteps.<init>(DashboardSteps.java:15)
at com.skillio.stepdefinitions.DashboardSteps.<init>(DashboardSteps.java:15)
at com.skillio.stepdefinitions.DashboardSteps.<init>(DashboardSteps.java:15)
at com.skillio.stepdefinitions.DashboardSteps.<init>(DashboardSteps.java:15)
at com.skillio.stepdefinitions.DashboardSteps.<init>(DashboardSteps.java:15)
at com.skillio.stepdefinitions.DashboardSteps.<init>(DashboardSteps.java:15)
at com.skillio.stepdefinitions.DashboardSteps.<init>(DashboardSteps.java:15)
at com.skillio.stepdefinitions.DashboardSteps.<init>(DashboardSteps.java:15)
at com.skillio.stepdefinitions.DashboardSteps.<init>(DashboardSteps.java:15)
at com.skillio.stepdefinitions.DashboardSteps.<init>(DashboardSteps.java:15)
at com.skillio.stepdefinitions.DashboardSteps.<init>(DashboardSteps.java:15)
at com.skillio.stepdefinitions.DashboardSteps.<init>(DashboardSteps.java:15)
at com.skillio.stepdefinitions.DashboardSteps.<init>(DashboardSteps.java:15)
at com.skillio.stepdefinitions.DashboardSteps.<init>(DashboardSteps.java:15)
at com.skillio.stepdefinitions.DashboardSteps.<init>(DashboardSteps.java:15)
at com.skillio.stepdefinitions.DashboardSteps.<init>(DashboardSteps.java:15)
at com.skillio.stepdefinitions.DashboardSteps.<init>(DashboardSteps.java:15)
at com.skillio.stepdefinitions.DashboardSteps.<init>(DashboardSteps.java:15)
at com.skillio.stepdefinitions.DashboardSteps.<init>(DashboardSteps.java:15)
at com.skillio.stepdefinitions.DashboardSteps.<init>(DashboardSteps.java:15)
at com.skillio.stepdefinitions.DashboardSteps.<init>(DashboardSteps.java:15)
at com.skillio.stepdefinitions.DashboardSteps.<init>(DashboardSteps.java:15)
at com.skillio.stepdefinitions.DashboardSteps.<init>(DashboardSteps.java:15)
at com.skillio.stepdefinitions.DashboardSteps.<init>(DashboardSteps.java:15)
at com.skillio.stepdefinitions.DashboardSteps.<init>(DashboardSteps.java:15)
[...]
Session ID: 5b8b522f-524b-42f4-b1f2-e039397088a3">
      <![CDATA[org.openqa.selenium.ElementClickInterceptedException: Element <button class="oxd-button oxd-button--medium oxd-button--secondary orangehrm-left-space" type="submit"> is not clickable at point (1405,491) because another element <div class="oxd-form-loader"> obscures it
Build info: version: '4.40.0', revision: 'b3333f1'
System info: os.name: 'Windows 11', os.arch: 'amd64', os.version: '10.0', java.version: '21.0.8'
Driver info: org.openqa.selenium.firefox.FirefoxDriver
Command: [5b8b522f-524b-42f4-b1f2-e039397088a3, clickElement {id=06658ffd-18a7-4331-bdcc-a1dbf8a6cd61}]
Capabilities {acceptInsecureCerts: true, browserName: firefox, browserVersion: 150.0, moz:accessibilityChecks: false, moz:buildID: 20260415192539, moz:geckodriverVersion: 0.36.0, moz:headless: false, moz:platformVersion: 10.0, moz:processID: 22104, moz:profile: C:\Users\Lenovo\AppData\Loc..., moz:shutdownTimeout: 60000, moz:webdriverClick: true, moz:windowless: false, pageLoadStrategy: eager, platformName: windows, proxy: Proxy(), setWindowRect: true, strictFileInteractability: false, timeouts: {implicit: 0, pageLoad: 300000, script: 30000}, unhandledPromptBehavior: dismiss and notify, userAgent: Mozilla/5.0 (Windows NT 10....}
Element: [[FirefoxDriver: firefox on windows (5b8b522f-524b-42f4-b1f2-e039397088a3)] -> xpath: //button[@type='submit']]
Session ID: 5b8b522f-524b-42f4-b1f2-e039397088a3
at org.openqa.selenium.remote.ErrorCodec.decode(ErrorCodec.java:169)
at org.openqa.selenium.remote.codec.w3c.W3CHttpResponseCodec.decode(W3CHttpResponseCodec.java:142)
at org.openqa.selenium.remote.codec.w3c.W3CHttpResponseCodec.decode(W3CHttpResponseCodec.java:49)
at org.openqa.selenium.remote.HttpCommandExecutor.execute(HttpCommandExecutor.java:223)
at org.openqa.selenium.remote.service.DriverCommandExecutor.invokeExecute(DriverCommandExecutor.java:216)
at org.openqa.selenium.remote.service.DriverCommandExecutor.execute(DriverCommandExecutor.java:174)
at org.openqa.selenium.remote.RemoteWebDriver.execute(RemoteWebDriver.java:601)
at org.openqa.selenium.remote.RemoteWebElement.execute(RemoteWebElement.java:223)
at org.openqa.selenium.remote.RemoteWebElement.click(RemoteWebElement.java:76)
at java.base/jdk.internal.reflect.DirectMethodHandleAccessor.invoke(DirectMethodHandleAccessor.java:103)
at java.base/java.lang.reflect.Method.invoke(Method.java:580)
at org.openqa.selenium.support.pagefactory.internal.LocatingElementHandler.invoke(LocatingElementHandler.java:51)
at jdk.proxy2/jdk.proxy2.$Proxy25.click(Unknown Source)
at com.skillio.pages.PimPage.clickSave(PimPage.java:104)
at com.skillio.stepdefinitions.PimSteps.userClicksSaveButton(PimSteps.java:62)
at ✽.user clicks Save button(file:///C:/Users/Lenovo/eclipse-workspace/Rose26A/src/test/resources/FeatureFile/PIM.Feature/PIM.feature:31)
]]>
    </failure>
  </testcase> <!-- runScenario -->
  <testcase classname="io.cucumber.testng.AbstractTestNGCucumberTests" name="runScenario" time="11.118"/>
  <testcase classname="io.cucumber.testng.AbstractTestNGCucumberTests" name="runScenario" time="10.019"/>
  <testcase classname="io.cucumber.testng.AbstractTestNGCucumberTests" name="runScenario" time="40.932">
    <failure type="org.openqa.selenium.TimeoutException" message="Expected condition failed: waiting for visibility of Proxy element for: DefaultElementLocator &amp;apos;By.xpath: //input[@placeholder=&amp;apos;Vacancy Name&amp;apos;]&amp;apos;
(tried for 30 seconds with 500 milliseconds interval)">
      <![CDATA[org.openqa.selenium.TimeoutException: Expected condition failed: waiting for visibility of Proxy element for: DefaultElementLocator 'By.xpath: //input[@placeholder='Vacancy Name']'
(tried for 30 seconds with 500 milliseconds interval)
at org.openqa.selenium.support.ui.WebDriverWait.timeoutException(WebDriverWait.java:84)
at org.openqa.selenium.support.ui.FluentWait.until(FluentWait.java:231)
at com.skillio.utils.WaitFor.elementToBeVisible(WaitFor.java:56)
at com.skillio.pages.RecruitmentPage.enterVacancyName(RecruitmentPage.java:53)
at com.skillio.stepdefinitions.RecruitmentSteps.userEntersVacancyName(RecruitmentSteps.java:25)
at ✽.user enters vacancy name "QA Engineer"(file:///C:/Users/Lenovo/eclipse-workspace/Rose26A/src/test/resources/FeatureFile/Recruitment.Feature/Recruitment.feature:10)
Caused by: org.openqa.selenium.NoSuchElementException: Unable to locate element: //input[@placeholder='Vacancy Name']
For documentation on this error, please visit: https://www.selenium.dev/documentation/webdriver/troubleshooting/errors#nosuchelementexception
Build info: version: '4.40.0', revision: 'b3333f1'
System info: os.name: 'Windows 11', os.arch: 'amd64', os.version: '10.0', java.version: '21.0.8'
Driver info: org.openqa.selenium.firefox.FirefoxDriver
Command: [4cb16a96-23e2-4ae5-ace0-c28257035c99, findElement {using=xpath, value=//input[@placeholder='Vacancy Name']}]
Capabilities {acceptInsecureCerts: true, browserName: firefox, browserVersion: 150.0, moz:accessibilityChecks: false, moz:buildID: 20260415192539, moz:geckodriverVersion: 0.36.0, moz:headless: false, moz:platformVersion: 10.0, moz:processID: 16976, moz:profile: C:\Users\Lenovo\AppData\Loc..., moz:shutdownTimeout: 60000, moz:webdriverClick: true, moz:windowless: false, pageLoadStrategy: eager, platformName: windows, proxy: Proxy(), setWindowRect: true, strictFileInteractability: false, timeouts: {implicit: 0, pageLoad: 300000, script: 30000}, unhandledPromptBehavior: dismiss and notify, userAgent: Mozilla/5.0 (Windows NT 10....}
Session ID: 4cb16a96-23e2-4ae5-ace0-c28257035c99
at org.openqa.selenium.remote.ErrorCodec.decode(ErrorCodec.java:169)
at org.openqa.selenium.remote.codec.w3c.W3CHttpResponseCodec.decode(W3CHttpResponseCodec.java:142)
at org.openqa.selenium.remote.codec.w3c.W3CHttpResponseCodec.decode(W3CHttpResponseCodec.java:49)
at org.openqa.selenium.remote.HttpCommandExecutor.execute(HttpCommandExecutor.java:223)
at org.openqa.selenium.remote.service.DriverCommandExecutor.invokeExecute(DriverCommandExecutor.java:216)
at org.openqa.selenium.remote.service.DriverCommandExecutor.execute(DriverCommandExecutor.java:174)
at org.openqa.selenium.remote.RemoteWebDriver.execute(RemoteWebDriver.java:601)
at org.openqa.selenium.remote.ElementLocation$ElementFinder$2.findElement(ElementLocation.java:166)
at org.openqa.selenium.remote.ElementLocation.findElement(ElementLocation.java:60)
at org.openqa.selenium.remote.RemoteWebDriver.findElement(RemoteWebDriver.java:424)
at org.openqa.selenium.remote.RemoteWebDriver.findElement(RemoteWebDriver.java:418)
at org.openqa.selenium.support.pagefactory.DefaultElementLocator.findElement(DefaultElementLocator.java:68)
at org.openqa.selenium.support.pagefactory.internal.LocatingElementHandler.invoke(LocatingElementHandler.java:38)
at jdk.proxy2/jdk.proxy2.$Proxy25.isDisplayed(Unknown Source)
at org.openqa.selenium.support.ui.ExpectedConditions.elementIfVisible(ExpectedConditions.java:367)
at org.openqa.selenium.support.ui.ExpectedConditions$10.apply(ExpectedConditions.java:353)
at org.openqa.selenium.support.ui.ExpectedConditions$10.apply(ExpectedConditions.java:350)
at org.openqa.selenium.support.ui.FluentWait.until(FluentWait.java:207)
... 4 more
]]>
    </failure>
  </testcase> <!-- runScenario -->
  <testcase classname="io.cucumber.testng.AbstractTestNGCucumberTests" name="runScenario" time="42.518">
    <failure type="org.openqa.selenium.TimeoutException" message="Expected condition failed: waiting for visibility of Proxy element for: DefaultElementLocator &amp;apos;By.xpath: //input[@placeholder=&amp;apos;Vacancy Name&amp;apos;]&amp;apos;
(tried for 30 seconds with 500 milliseconds interval)">
      <![CDATA[org.openqa.selenium.TimeoutException: Expected condition failed: waiting for visibility of Proxy element for: DefaultElementLocator 'By.xpath: //input[@placeholder='Vacancy Name']'
(tried for 30 seconds with 500 milliseconds interval)
at org.openqa.selenium.support.ui.WebDriverWait.timeoutException(WebDriverWait.java:84)
at org.openqa.selenium.support.ui.FluentWait.until(FluentWait.java:231)
at com.skillio.utils.WaitFor.elementToBeVisible(WaitFor.java:56)
at com.skillio.pages.RecruitmentPage.enterVacancyName(RecruitmentPage.java:53)
at com.skillio.stepdefinitions.RecruitmentSteps.userEntersVacancyName(RecruitmentSteps.java:25)
at ✽.user enters vacancy name "DevOps Engineer"(file:///C:/Users/Lenovo/eclipse-workspace/Rose26A/src/test/resources/FeatureFile/Recruitment.Feature/Recruitment.feature:20)
Caused by: org.openqa.selenium.NoSuchElementException: Unable to locate element: //input[@placeholder='Vacancy Name']
For documentation on this error, please visit: https://www.selenium.dev/documentation/webdriver/troubleshooting/errors#nosuchelementexception
Build info: version: '4.40.0', revision: 'b3333f1'
System info: os.name: 'Windows 11', os.arch: 'amd64', os.version: '10.0', java.version: '21.0.8'
Driver info: org.openqa.selenium.firefox.FirefoxDriver
Command: [7371de37-8716-411e-a0cd-313ef66b8e37, findElement {using=xpath, value=//input[@placeholder='Vacancy Name']}]
Capabilities {acceptInsecureCerts: true, browserName: firefox, browserVersion: 150.0, moz:accessibilityChecks: false, moz:buildID: 20260415192539, moz:geckodriverVersion: 0.36.0, moz:headless: false, moz:platformVersion: 10.0, moz:processID: 14612, moz:profile: C:\Users\Lenovo\AppData\Loc..., moz:shutdownTimeout: 60000, moz:webdriverClick: true, moz:windowless: false, pageLoadStrategy: eager, platformName: windows, proxy: Proxy(), setWindowRect: true, strictFileInteractability: false, timeouts: {implicit: 0, pageLoad: 300000, script: 30000}, unhandledPromptBehavior: dismiss and notify, userAgent: Mozilla/5.0 (Windows NT 10....}
Session ID: 7371de37-8716-411e-a0cd-313ef66b8e37
at org.openqa.selenium.remote.ErrorCodec.decode(ErrorCodec.java:169)
at org.openqa.selenium.remote.codec.w3c.W3CHttpResponseCodec.decode(W3CHttpResponseCodec.java:142)
at org.openqa.selenium.remote.codec.w3c.W3CHttpResponseCodec.decode(W3CHttpResponseCodec.java:49)
at org.openqa.selenium.remote.HttpCommandExecutor.execute(HttpCommandExecutor.java:223)
at org.openqa.selenium.remote.service.DriverCommandExecutor.invokeExecute(DriverCommandExecutor.java:216)
at org.openqa.selenium.remote.service.DriverCommandExecutor.execute(DriverCommandExecutor.java:174)
at org.openqa.selenium.remote.RemoteWebDriver.execute(RemoteWebDriver.java:601)
at org.openqa.selenium.remote.ElementLocation$ElementFinder$2.findElement(ElementLocation.java:166)
at org.openqa.selenium.remote.ElementLocation.findElement(ElementLocation.java:60)
at org.openqa.selenium.remote.RemoteWebDriver.findElement(RemoteWebDriver.java:424)
at org.openqa.selenium.remote.RemoteWebDriver.findElement(RemoteWebDriver.java:418)
at org.openqa.selenium.support.pagefactory.DefaultElementLocator.findElement(DefaultElementLocator.java:68)
at org.openqa.selenium.support.pagefactory.internal.LocatingElementHandler.invoke(LocatingElementHandler.java:38)
at jdk.proxy2/jdk.proxy2.$Proxy25.isDisplayed(Unknown Source)
at org.openqa.selenium.support.ui.ExpectedConditions.elementIfVisible(ExpectedConditions.java:367)
at org.openqa.selenium.support.ui.ExpectedConditions$10.apply(ExpectedConditions.java:353)
at org.openqa.selenium.support.ui.ExpectedConditions$10.apply(ExpectedConditions.java:350)
at org.openqa.selenium.support.ui.FluentWait.until(FluentWait.java:207)
... 4 more
]]>
    </failure>
  </testcase> <!-- runScenario -->
  <testcase classname="io.cucumber.testng.AbstractTestNGCucumberTests" name="runScenario" time="42.78">
    <failure type="org.openqa.selenium.TimeoutException" message="Expected condition failed: waiting for visibility of Proxy element for: DefaultElementLocator &amp;apos;By.xpath: //input[@type=&amp;apos;email&amp;apos;]&amp;apos;
(tried for 30 seconds with 500 milliseconds interval)">
      <![CDATA[org.openqa.selenium.TimeoutException: Expected condition failed: waiting for visibility of Proxy element for: DefaultElementLocator 'By.xpath: //input[@type='email']'
(tried for 30 seconds with 500 milliseconds interval)
at org.openqa.selenium.support.ui.WebDriverWait.timeoutException(WebDriverWait.java:84)
at org.openqa.selenium.support.ui.FluentWait.until(FluentWait.java:231)
at com.skillio.utils.WaitFor.elementToBeVisible(WaitFor.java:56)
at com.skillio.pages.RecruitmentPage.enterCandidateEmail(RecruitmentPage.java:80)
at com.skillio.stepdefinitions.RecruitmentSteps.userEntersCandidateEmail(RecruitmentSteps.java:58)
at ✽.user enters candidate email "alice.walker@test.com"(file:///C:/Users/Lenovo/eclipse-workspace/Rose26A/src/test/resources/FeatureFile/Recruitment.Feature/Recruitment.feature:31)
Caused by: org.openqa.selenium.NoSuchElementException: Unable to locate element: //input[@type='email']
For documentation on this error, please visit: https://www.selenium.dev/documentation/webdriver/troubleshooting/errors#nosuchelementexception
Build info: version: '4.40.0', revision: 'b3333f1'
System info: os.name: 'Windows 11', os.arch: 'amd64', os.version: '10.0', java.version: '21.0.8'
Driver info: org.openqa.selenium.firefox.FirefoxDriver
Command: [5810f891-6d99-4c45-8bdb-00a9a8e7d154, findElement {using=xpath, value=//input[@type='email']}]
Capabilities {acceptInsecureCerts: true, browserName: firefox, browserVersion: 150.0, moz:accessibilityChecks: false, moz:buildID: 20260415192539, moz:geckodriverVersion: 0.36.0, moz:headless: false, moz:platformVersion: 10.0, moz:processID: 13668, moz:profile: C:\Users\Lenovo\AppData\Loc..., moz:shutdownTimeout: 60000, moz:webdriverClick: true, moz:windowless: false, pageLoadStrategy: eager, platformName: windows, proxy: Proxy(), setWindowRect: true, strictFileInteractability: false, timeouts: {implicit: 0, pageLoad: 300000, script: 30000}, unhandledPromptBehavior: dismiss and notify, userAgent: Mozilla/5.0 (Windows NT 10....}
Session ID: 5810f891-6d99-4c45-8bdb-00a9a8e7d154
at org.openqa.selenium.remote.ErrorCodec.decode(ErrorCodec.java:169)
at org.openqa.selenium.remote.codec.w3c.W3CHttpResponseCodec.decode(W3CHttpResponseCodec.java:142)
at org.openqa.selenium.remote.codec.w3c.W3CHttpResponseCodec.decode(W3CHttpResponseCodec.java:49)
at org.openqa.selenium.remote.HttpCommandExecutor.execute(HttpCommandExecutor.java:223)
at org.openqa.selenium.remote.service.DriverCommandExecutor.invokeExecute(DriverCommandExecutor.java:216)
at org.openqa.selenium.remote.service.DriverCommandExecutor.execute(DriverCommandExecutor.java:174)
at org.openqa.selenium.remote.RemoteWebDriver.execute(RemoteWebDriver.java:601)
at org.openqa.selenium.remote.ElementLocation$ElementFinder$2.findElement(ElementLocation.java:166)
at org.openqa.selenium.remote.ElementLocation.findElement(ElementLocation.java:60)
at org.openqa.selenium.remote.RemoteWebDriver.findElement(RemoteWebDriver.java:424)
at org.openqa.selenium.remote.RemoteWebDriver.findElement(RemoteWebDriver.java:418)
at org.openqa.selenium.support.pagefactory.DefaultElementLocator.findElement(DefaultElementLocator.java:68)
at org.openqa.selenium.support.pagefactory.internal.LocatingElementHandler.invoke(LocatingElementHandler.java:38)
at jdk.proxy2/jdk.proxy2.$Proxy25.isDisplayed(Unknown Source)
at org.openqa.selenium.support.ui.ExpectedConditions.elementIfVisible(ExpectedConditions.java:367)
at org.openqa.selenium.support.ui.ExpectedConditions$10.apply(ExpectedConditions.java:353)
at org.openqa.selenium.support.ui.ExpectedConditions$10.apply(ExpectedConditions.java:350)
at org.openqa.selenium.support.ui.FluentWait.until(FluentWait.java:207)
... 4 more
]]>
    </failure>
  </testcase> <!-- runScenario -->
  <testcase classname="io.cucumber.testng.AbstractTestNGCucumberTests" name="runScenario" time="41.288">
    <failure type="org.openqa.selenium.TimeoutException" message="Expected condition failed: waiting for visibility of Proxy element for: DefaultElementLocator &amp;apos;By.xpath: //input[@type=&amp;apos;email&amp;apos;]&amp;apos;
(tried for 30 seconds with 500 milliseconds interval)">
      <![CDATA[org.openqa.selenium.TimeoutException: Expected condition failed: waiting for visibility of Proxy element for: DefaultElementLocator 'By.xpath: //input[@type='email']'
(tried for 30 seconds with 500 milliseconds interval)
at org.openqa.selenium.support.ui.WebDriverWait.timeoutException(WebDriverWait.java:84)
at org.openqa.selenium.support.ui.FluentWait.until(FluentWait.java:231)
at com.skillio.utils.WaitFor.elementToBeVisible(WaitFor.java:56)
at com.skillio.pages.RecruitmentPage.enterCandidateEmail(RecruitmentPage.java:80)
at com.skillio.stepdefinitions.RecruitmentSteps.userEntersCandidateEmail(RecruitmentSteps.java:58)
at ✽.user enters candidate email "invalid-email"(file:///C:/Users/Lenovo/eclipse-workspace/Rose26A/src/test/resources/FeatureFile/Recruitment.Feature/Recruitment.feature:41)
Caused by: org.openqa.selenium.NoSuchElementException: Unable to locate element: //input[@type='email']
For documentation on this error, please visit: https://www.selenium.dev/documentation/webdriver/troubleshooting/errors#nosuchelementexception
Build info: version: '4.40.0', revision: 'b3333f1'
System info: os.name: 'Windows 11', os.arch: 'amd64', os.version: '10.0', java.version: '21.0.8'
Driver info: org.openqa.selenium.firefox.FirefoxDriver
Command: [4518cead-e16c-4174-b21a-b72aa851dc2e, findElement {using=xpath, value=//input[@type='email']}]
Capabilities {acceptInsecureCerts: true, browserName: firefox, browserVersion: 150.0, moz:accessibilityChecks: false, moz:buildID: 20260415192539, moz:geckodriverVersion: 0.36.0, moz:headless: false, moz:platformVersion: 10.0, moz:processID: 15980, moz:profile: C:\Users\Lenovo\AppData\Loc..., moz:shutdownTimeout: 60000, moz:webdriverClick: true, moz:windowless: false, pageLoadStrategy: eager, platformName: windows, proxy: Proxy(), setWindowRect: true, strictFileInteractability: false, timeouts: {implicit: 0, pageLoad: 300000, script: 30000}, unhandledPromptBehavior: dismiss and notify, userAgent: Mozilla/5.0 (Windows NT 10....}
Session ID: 4518cead-e16c-4174-b21a-b72aa851dc2e
at org.openqa.selenium.remote.ErrorCodec.decode(ErrorCodec.java:169)
at org.openqa.selenium.remote.codec.w3c.W3CHttpResponseCodec.decode(W3CHttpResponseCodec.java:142)
at org.openqa.selenium.remote.codec.w3c.W3CHttpResponseCodec.decode(W3CHttpResponseCodec.java:49)
at org.openqa.selenium.remote.HttpCommandExecutor.execute(HttpCommandExecutor.java:223)
at org.openqa.selenium.remote.service.DriverCommandExecutor.invokeExecute(DriverCommandExecutor.java:216)
at org.openqa.selenium.remote.service.DriverCommandExecutor.execute(DriverCommandExecutor.java:174)
at org.openqa.selenium.remote.RemoteWebDriver.execute(RemoteWebDriver.java:601)
at org.openqa.selenium.remote.ElementLocation$ElementFinder$2.findElement(ElementLocation.java:166)
at org.openqa.selenium.remote.ElementLocation.findElement(ElementLocation.java:60)
at org.openqa.selenium.remote.RemoteWebDriver.findElement(RemoteWebDriver.java:424)
at org.openqa.selenium.remote.RemoteWebDriver.findElement(RemoteWebDriver.java:418)
at org.openqa.selenium.support.pagefactory.DefaultElementLocator.findElement(DefaultElementLocator.java:68)
at org.openqa.selenium.support.pagefactory.internal.LocatingElementHandler.invoke(LocatingElementHandler.java:38)
at jdk.proxy2/jdk.proxy2.$Proxy25.isDisplayed(Unknown Source)
at org.openqa.selenium.support.ui.ExpectedConditions.elementIfVisible(ExpectedConditions.java:367)
at org.openqa.selenium.support.ui.ExpectedConditions$10.apply(ExpectedConditions.java:353)
at org.openqa.selenium.support.ui.ExpectedConditions$10.apply(ExpectedConditions.java:350)
at org.openqa.selenium.support.ui.FluentWait.until(FluentWait.java:207)
... 4 more
]]>
    </failure>
  </testcase> <!-- runScenario -->
  <testcase classname="io.cucumber.testng.AbstractTestNGCucumberTests" name="runScenario" time="10.715"/>
</testsuite> <!-- Default test -->
