<?xml version="1.0" encoding="UTF-8"?>
<testng-results ignored="0" total="29" passed="17" failed="12" skipped="0">
  <reporter-output>
  </reporter-output>
  <suite started-at="2026-05-01T10:08:19 IST" name="Default suite" finished-at="2026-05-01T10:21:24 IST" duration-ms="784154">
    <groups>
      <group name="cucumber">
        <method signature="AbstractTestNGCucumberTests.runScenario(io.cucumber.testng.PickleWrapper,io.cucumber.testng.FeatureWrapper)[pri:0, instance:com.skillio.runner.Runner@37883b97]" name="runScenario" class="io.cucumber.testng.AbstractTestNGCucumberTests"/>
      </group> <!-- cucumber -->
    </groups>
    <test started-at="2026-05-01T10:08:19 IST" name="Default test" finished-at="2026-05-01T10:21:24 IST" duration-ms="784154">
      <class name="com.skillio.runner.Runner">
        <test-method is-config="true" signature="setUpClass(org.testng.ITestContext)[pri:0, instance:com.skillio.runner.Runner@37883b97]" started-at="2026-05-01T10:08:19 IST" name="setUpClass" finished-at="2026-05-01T10:08:20 IST" duration-ms="843" status="PASS">
          <params>
            <param index="0">
              <value>
                <![CDATA[org.testng.TestRunner@632a1d4e]]>
              </value>
            </param>
          </params>
          <reporter-output>
          </reporter-output>
        </test-method> <!-- setUpClass -->
        <test-method signature="runScenario(io.cucumber.testng.PickleWrapper,io.cucumber.testng.FeatureWrapper)[pri:0, instance:com.skillio.runner.Runner@37883b97]" started-at="2026-05-01T10:08:20 IST" name="runScenario" description="Runs Cucumber Scenarios" data-provider="scenarios" finished-at="2026-05-01T10:08:31 IST" duration-ms="10663" status="PASS">
          <params>
            <param index="0">
              <value>
                <![CDATA["Successful login with valid credentials"]]>
              </value>
            </param>
            <param index="1">
              <value>
                <![CDATA["Login Scenarios OrangeHRM Login"]]>
              </value>
            </param>
          </params>
          <reporter-output>
          </reporter-output>
        </test-method> <!-- runScenario -->
        <test-method signature="runScenario(io.cucumber.testng.PickleWrapper,io.cucumber.testng.FeatureWrapper)[pri:0, instance:com.skillio.runner.Runner@37883b97]" started-at="2026-05-01T10:08:31 IST" name="runScenario" description="Runs Cucumber Scenarios" data-provider="scenarios" finished-at="2026-05-01T10:08:40 IST" duration-ms="8847" status="PASS">
          <params>
            <param index="0">
              <value>
                <![CDATA["Login failure with invalid credentials"]]>
              </value>
            </param>
            <param index="1">
              <value>
                <![CDATA["Login Scenarios OrangeHRM Login"]]>
              </value>
            </param>
          </params>
          <reporter-output>
          </reporter-output>
        </test-method> <!-- runScenario -->
        <test-method signature="runScenario(io.cucumber.testng.PickleWrapper,io.cucumber.testng.FeatureWrapper)[pri:0, instance:com.skillio.runner.Runner@37883b97]" started-at="2026-05-01T10:08:40 IST" name="runScenario" description="Runs Cucumber Scenarios" data-provider="scenarios" finished-at="2026-05-01T10:08:51 IST" duration-ms="11551" status="PASS">
          <params>
            <param index="0">
              <value>
                <![CDATA["Data-driven login attempts"]]>
              </value>
            </param>
            <param index="1">
              <value>
                <![CDATA["Login Scenarios OrangeHRM Login"]]>
              </value>
            </param>
          </params>
          <reporter-output>
          </reporter-output>
        </test-method> <!-- runScenario -->
        <test-method signature="runScenario(io.cucumber.testng.PickleWrapper,io.cucumber.testng.FeatureWrapper)[pri:0, instance:com.skillio.runner.Runner@37883b97]" started-at="2026-05-01T10:08:51 IST" name="runScenario" description="Runs Cucumber Scenarios" data-provider="scenarios" finished-at="2026-05-01T10:09:32 IST" duration-ms="41193" status="PASS">
          <params>
            <param index="0">
              <value>
                <![CDATA["Data-driven login attempts"]]>
              </value>
            </param>
            <param index="1">
              <value>
                <![CDATA["Login Scenarios OrangeHRM Login"]]>
              </value>
            </param>
          </params>
          <reporter-output>
          </reporter-output>
        </test-method> <!-- runScenario -->
        <test-method signature="runScenario(io.cucumber.testng.PickleWrapper,io.cucumber.testng.FeatureWrapper)[pri:0, instance:com.skillio.runner.Runner@37883b97]" started-at="2026-05-01T10:09:33 IST" name="runScenario" description="Runs Cucumber Scenarios" data-provider="scenarios" finished-at="2026-05-01T10:10:11 IST" duration-ms="38689" status="PASS">
          <params>
            <param index="0">
              <value>
                <![CDATA["Data-driven login attempts"]]>
              </value>
            </param>
            <param index="1">
              <value>
                <![CDATA["Login Scenarios OrangeHRM Login"]]>
              </value>
            </param>
          </params>
          <reporter-output>
          </reporter-output>
        </test-method> <!-- runScenario -->
        <test-method signature="runScenario(io.cucumber.testng.PickleWrapper,io.cucumber.testng.FeatureWrapper)[pri:0, instance:com.skillio.runner.Runner@37883b97]" started-at="2026-05-01T10:10:11 IST" name="runScenario" description="Runs Cucumber Scenarios" data-provider="scenarios" finished-at="2026-05-01T10:10:52 IST" duration-ms="40401" status="PASS">
          <params>
            <param index="0">
              <value>
                <![CDATA["Data-driven login attempts"]]>
              </value>
            </param>
            <param index="1">
              <value>
                <![CDATA["Login Scenarios OrangeHRM Login"]]>
              </value>
            </param>
          </params>
          <reporter-output>
          </reporter-output>
        </test-method> <!-- runScenario -->
        <test-method signature="runScenario(io.cucumber.testng.PickleWrapper,io.cucumber.testng.FeatureWrapper)[pri:0, instance:com.skillio.runner.Runner@37883b97]" started-at="2026-05-01T10:10:52 IST" name="runScenario" description="Runs Cucumber Scenarios" data-provider="scenarios" finished-at="2026-05-01T10:11:00 IST" duration-ms="8644" status="PASS">
          <params>
            <param index="0">
              <value>
                <![CDATA["Verify Dashboard page header"]]>
              </value>
            </param>
            <param index="1">
              <value>
                <![CDATA["OrangeHRM Dashboard Functionality"]]>
              </value>
            </param>
          </params>
          <reporter-output>
          </reporter-output>
        </test-method> <!-- runScenario -->
        <test-method signature="runScenario(io.cucumber.testng.PickleWrapper,io.cucumber.testng.FeatureWrapper)[pri:0, instance:com.skillio.runner.Runner@37883b97]" started-at="2026-05-01T10:11:00 IST" name="runScenario" description="Runs Cucumber Scenarios" data-provider="scenarios" finished-at="2026-05-01T10:11:09 IST" duration-ms="8880" status="PASS">
          <params>
            <param index="0">
              <value>
                <![CDATA["Verify Quick Launch widget visibility"]]>
              </value>
            </param>
            <param index="1">
              <value>
                <![CDATA["OrangeHRM Dashboard Functionality"]]>
              </value>
            </param>
          </params>
          <reporter-output>
          </reporter-output>
        </test-method> <!-- runScenario -->
        <test-method signature="runScenario(io.cucumber.testng.PickleWrapper,io.cucumber.testng.FeatureWrapper)[pri:0, instance:com.skillio.runner.Runner@37883b97]" started-at="2026-05-01T10:11:09 IST" name="runScenario" description="Runs Cucumber Scenarios" data-provider="scenarios" finished-at="2026-05-01T10:11:18 IST" duration-ms="8689" status="PASS">
          <params>
            <param index="0">
              <value>
                <![CDATA["Verify side menu search filters modules"]]>
              </value>
            </param>
            <param index="1">
              <value>
                <![CDATA["OrangeHRM Dashboard Functionality"]]>
              </value>
            </param>
          </params>
          <reporter-output>
          </reporter-output>
        </test-method> <!-- runScenario -->
        <test-method signature="runScenario(io.cucumber.testng.PickleWrapper,io.cucumber.testng.FeatureWrapper)[pri:0, instance:com.skillio.runner.Runner@37883b97]" started-at="2026-05-01T10:11:18 IST" name="runScenario" description="Runs Cucumber Scenarios" data-provider="scenarios" finished-at="2026-05-01T10:12:02 IST" duration-ms="43897" status="FAIL">
          <params>
            <param index="0">
              <value>
                <![CDATA["TC_LEAVE_01 - Employee can apply for annual leave"]]>
              </value>
            </param>
            <param index="1">
              <value>
                <![CDATA["Leave - Apply and Manage Leave"]]>
              </value>
            </param>
          </params>
          <exception class="org.openqa.selenium.TimeoutException">
            <message>
              <![CDATA[Expected condition failed: waiting for visibility of element found by By.xpath: (//div[contains(@class,'oxd-select-text')])[1], but... org.openqa.selenium.NoSuchElementException: Unable to locate element: (//div[contains(@class,'oxd-select-text')])[1].
(tried for 30 seconds with 500 milliseconds interval)
Build info: version: '4.40.0', revision: 'b3333f1'
System info: os.name: 'Windows 11', os.arch: 'amd64', os.version: '10.0', java.version: '21.0.8'
Driver info: org.openqa.selenium.firefox.FirefoxDriver
Capabilities {acceptInsecureCerts: true, browserName: firefox, browserVersion: 150.0, moz:accessibilityChecks: false, moz:buildID: 20260415192539, moz:geckodriverVersion: 0.36.0, moz:headless: false, moz:platformVersion: 10.0, moz:processID: 24464, moz:profile: C:\Users\Lenovo\AppData\Loc..., moz:shutdownTimeout: 60000, moz:webdriverClick: true, moz:windowless: false, pageLoadStrategy: eager, platformName: windows, proxy: Proxy(), setWindowRect: true, strictFileInteractability: false, timeouts: {implicit: 0, pageLoad: 300000, script: 30000}, unhandledPromptBehavior: dismiss and notify, userAgent: Mozilla/5.0 (Windows NT 10....}
Session ID: 9e0c7f93-5cb7-4216-8030-8d66a9b93ab6]]>
            </message>
            <full-stacktrace>
              <![CDATA[org.openqa.selenium.TimeoutException: Expected condition failed: waiting for visibility of element found by By.xpath: (//div[contains(@class,'oxd-select-text')])[1], but... org.openqa.selenium.NoSuchElementException: Unable to locate element: (//div[contains(@class,'oxd-select-text')])[1].
(tried for 30 seconds with 500 milliseconds interval)
Build info: version: '4.40.0', revision: 'b3333f1'
System info: os.name: 'Windows 11', os.arch: 'amd64', os.version: '10.0', java.version: '21.0.8'
Driver info: org.openqa.selenium.firefox.FirefoxDriver
Capabilities {acceptInsecureCerts: true, browserName: firefox, browserVersion: 150.0, moz:accessibilityChecks: false, moz:buildID: 20260415192539, moz:geckodriverVersion: 0.36.0, moz:headless: false, moz:platformVersion: 10.0, moz:processID: 24464, moz:profile: C:\Users\Lenovo\AppData\Loc..., moz:shutdownTimeout: 60000, moz:webdriverClick: true, moz:windowless: false, pageLoadStrategy: eager, platformName: windows, proxy: Proxy(), setWindowRect: true, strictFileInteractability: false, timeouts: {implicit: 0, pageLoad: 300000, script: 30000}, unhandledPromptBehavior: dismiss and notify, userAgent: Mozilla/5.0 (Windows NT 10....}
Session ID: 9e0c7f93-5cb7-4216-8030-8d66a9b93ab6
at org.openqa.selenium.support.ui.WebDriverWait.timeoutException(WebDriverWait.java:84)
at org.openqa.selenium.support.ui.FluentWait.until(FluentWait.java:231)
at com.skillio.utils.WaitFor.elementToBeVisible(WaitFor.java:42)
at com.skillio.pages.LeavePage.clickDropdown(LeavePage.java:49)
at com.skillio.pages.LeavePage.selectLeaveType(LeavePage.java:82)
at com.skillio.stepdefinitions.LeaveSteps.userSelectsLeaveType(LeaveSteps.java:31)
at ✽.user selects leave type "Annual Leave"(file:///C:/Users/Lenovo/eclipse-workspace/Rose26A/src/test/resources/FeatureFile/Leave.Feature/Leave.feature:8)
]]>
            </full-stacktrace>
          </exception> <!-- org.openqa.selenium.TimeoutException -->
          <reporter-output>
          </reporter-output>
        </test-method> <!-- runScenario -->
        <test-method signature="runScenario(io.cucumber.testng.PickleWrapper,io.cucumber.testng.FeatureWrapper)[pri:0, instance:com.skillio.runner.Runner@37883b97]" started-at="2026-05-01T10:12:02 IST" name="runScenario" description="Runs Cucumber Scenarios" data-provider="scenarios" finished-at="2026-05-01T10:12:44 IST" duration-ms="41861" status="FAIL">
          <params>
            <param index="0">
              <value>
                <![CDATA["TC_LEAVE_02 - System rejects leave with invalid date range"]]>
              </value>
            </param>
            <param index="1">
              <value>
                <![CDATA["Leave - Apply and Manage Leave"]]>
              </value>
            </param>
          </params>
          <exception class="org.openqa.selenium.TimeoutException">
            <message>
              <![CDATA[Expected condition failed: waiting for visibility of element found by By.xpath: (//div[contains(@class,'oxd-select-text')])[1], but... org.openqa.selenium.NoSuchElementException: Unable to locate element: (//div[contains(@class,'oxd-select-text')])[1].
(tried for 30 seconds with 500 milliseconds interval)
Build info: version: '4.40.0', revision: 'b3333f1'
System info: os.name: 'Windows 11', os.arch: 'amd64', os.version: '10.0', java.version: '21.0.8'
Driver info: org.openqa.selenium.firefox.FirefoxDriver
Capabilities {acceptInsecureCerts: true, browserName: firefox, browserVersion: 150.0, moz:accessibilityChecks: false, moz:buildID: 20260415192539, moz:geckodriverVersion: 0.36.0, moz:headless: false, moz:platformVersion: 10.0, moz:processID: 20384, moz:profile: C:\Users\Lenovo\AppData\Loc..., moz:shutdownTimeout: 60000, moz:webdriverClick: true, moz:windowless: false, pageLoadStrategy: eager, platformName: windows, proxy: Proxy(), setWindowRect: true, strictFileInteractability: false, timeouts: {implicit: 0, pageLoad: 300000, script: 30000}, unhandledPromptBehavior: dismiss and notify, userAgent: Mozilla/5.0 (Windows NT 10....}
Session ID: f259ec4c-60a8-442c-9925-8c1f2e5256f2]]>
            </message>
            <full-stacktrace>
              <![CDATA[org.openqa.selenium.TimeoutException: Expected condition failed: waiting for visibility of element found by By.xpath: (//div[contains(@class,'oxd-select-text')])[1], but... org.openqa.selenium.NoSuchElementException: Unable to locate element: (//div[contains(@class,'oxd-select-text')])[1].
(tried for 30 seconds with 500 milliseconds interval)
Build info: version: '4.40.0', revision: 'b3333f1'
System info: os.name: 'Windows 11', os.arch: 'amd64', os.version: '10.0', java.version: '21.0.8'
Driver info: org.openqa.selenium.firefox.FirefoxDriver
Capabilities {acceptInsecureCerts: true, browserName: firefox, browserVersion: 150.0, moz:accessibilityChecks: false, moz:buildID: 20260415192539, moz:geckodriverVersion: 0.36.0, moz:headless: false, moz:platformVersion: 10.0, moz:processID: 20384, moz:profile: C:\Users\Lenovo\AppData\Loc..., moz:shutdownTimeout: 60000, moz:webdriverClick: true, moz:windowless: false, pageLoadStrategy: eager, platformName: windows, proxy: Proxy(), setWindowRect: true, strictFileInteractability: false, timeouts: {implicit: 0, pageLoad: 300000, script: 30000}, unhandledPromptBehavior: dismiss and notify, userAgent: Mozilla/5.0 (Windows NT 10....}
Session ID: f259ec4c-60a8-442c-9925-8c1f2e5256f2
at org.openqa.selenium.support.ui.WebDriverWait.timeoutException(WebDriverWait.java:84)
at org.openqa.selenium.support.ui.FluentWait.until(FluentWait.java:231)
at com.skillio.utils.WaitFor.elementToBeVisible(WaitFor.java:42)
at com.skillio.pages.LeavePage.clickDropdown(LeavePage.java:49)
at com.skillio.pages.LeavePage.selectLeaveType(LeavePage.java:82)
at com.skillio.stepdefinitions.LeaveSteps.userSelectsLeaveType(LeaveSteps.java:31)
at ✽.user selects leave type "Annual Leave"(file:///C:/Users/Lenovo/eclipse-workspace/Rose26A/src/test/resources/FeatureFile/Leave.Feature/Leave.feature:19)
]]>
            </full-stacktrace>
          </exception> <!-- org.openqa.selenium.TimeoutException -->
          <reporter-output>
          </reporter-output>
        </test-method> <!-- runScenario -->
        <test-method signature="runScenario(io.cucumber.testng.PickleWrapper,io.cucumber.testng.FeatureWrapper)[pri:0, instance:com.skillio.runner.Runner@37883b97]" started-at="2026-05-01T10:12:44 IST" name="runScenario" description="Runs Cucumber Scenarios" data-provider="scenarios" finished-at="2026-05-01T10:13:26 IST" duration-ms="42086" status="FAIL">
          <params>
            <param index="0">
              <value>
                <![CDATA["TC_LEAVE_03 - Admin can approve employee leave request"]]>
              </value>
            </param>
            <param index="1">
              <value>
                <![CDATA["Leave - Apply and Manage Leave"]]>
              </value>
            </param>
          </params>
          <exception class="org.openqa.selenium.TimeoutException">
            <message>
              <![CDATA[Expected condition failed: waiting for visibility of element found by By.xpath: //div[@role='listbox']//span[normalize-space()='Pending Approval'], but... org.openqa.selenium.NoSuchElementException: Unable to locate element: //div[@role='listbox']//span[normalize-space()='Pending Approval'].
(tried for 30 seconds with 500 milliseconds interval)
Build info: version: '4.40.0', revision: 'b3333f1'
System info: os.name: 'Windows 11', os.arch: 'amd64', os.version: '10.0', java.version: '21.0.8'
Driver info: org.openqa.selenium.firefox.FirefoxDriver
Capabilities {acceptInsecureCerts: true, browserName: firefox, browserVersion: 150.0, moz:accessibilityChecks: false, moz:buildID: 20260415192539, moz:geckodriverVersion: 0.36.0, moz:headless: false, moz:platformVersion: 10.0, moz:processID: 26428, moz:profile: C:\Users\Lenovo\AppData\Loc..., moz:shutdownTimeout: 60000, moz:webdriverClick: true, moz:windowless: false, pageLoadStrategy: eager, platformName: windows, proxy: Proxy(), setWindowRect: true, strictFileInteractability: false, timeouts: {implicit: 0, pageLoad: 300000, script: 30000}, unhandledPromptBehavior: dismiss and notify, userAgent: Mozilla/5.0 (Windows NT 10....}
Session ID: 410dcead-14d7-437b-a3cf-678e10242817]]>
            </message>
            <full-stacktrace>
              <![CDATA[org.openqa.selenium.TimeoutException: Expected condition failed: waiting for visibility of element found by By.xpath: //div[@role='listbox']//span[normalize-space()='Pending Approval'], but... org.openqa.selenium.NoSuchElementException: Unable to locate element: //div[@role='listbox']//span[normalize-space()='Pending Approval'].
(tried for 30 seconds with 500 milliseconds interval)
Build info: version: '4.40.0', revision: 'b3333f1'
System info: os.name: 'Windows 11', os.arch: 'amd64', os.version: '10.0', java.version: '21.0.8'
Driver info: org.openqa.selenium.firefox.FirefoxDriver
Capabilities {acceptInsecureCerts: true, browserName: firefox, browserVersion: 150.0, moz:accessibilityChecks: false, moz:buildID: 20260415192539, moz:geckodriverVersion: 0.36.0, moz:headless: false, moz:platformVersion: 10.0, moz:processID: 26428, moz:profile: C:\Users\Lenovo\AppData\Loc..., moz:shutdownTimeout: 60000, moz:webdriverClick: true, moz:windowless: false, pageLoadStrategy: eager, platformName: windows, proxy: Proxy(), setWindowRect: true, strictFileInteractability: false, timeouts: {implicit: 0, pageLoad: 300000, script: 30000}, unhandledPromptBehavior: dismiss and notify, userAgent: Mozilla/5.0 (Windows NT 10....}
Session ID: 410dcead-14d7-437b-a3cf-678e10242817
at org.openqa.selenium.support.ui.WebDriverWait.timeoutException(WebDriverWait.java:84)
at org.openqa.selenium.support.ui.FluentWait.until(FluentWait.java:231)
at com.skillio.utils.WaitFor.elementToBeVisible(WaitFor.java:42)
at com.skillio.pages.LeavePage.filterByStatus(LeavePage.java:125)
at com.skillio.stepdefinitions.LeaveSteps.userFiltersByStatus(LeaveSteps.java:52)
at ✽.user filters by status "Pending Approval"(file:///C:/Users/Lenovo/eclipse-workspace/Rose26A/src/test/resources/FeatureFile/Leave.Feature/Leave.feature:29)
]]>
            </full-stacktrace>
          </exception> <!-- org.openqa.selenium.TimeoutException -->
          <reporter-output>
          </reporter-output>
        </test-method> <!-- runScenario -->
        <test-method signature="runScenario(io.cucumber.testng.PickleWrapper,io.cucumber.testng.FeatureWrapper)[pri:0, instance:com.skillio.runner.Runner@37883b97]" started-at="2026-05-01T10:13:26 IST" name="runScenario" description="Runs Cucumber Scenarios" data-provider="scenarios" finished-at="2026-05-01T10:14:08 IST" duration-ms="42114" status="FAIL">
          <params>
            <param index="0">
              <value>
                <![CDATA["TC_LEAVE_04 - Admin can reject employee leave request"]]>
              </value>
            </param>
            <param index="1">
              <value>
                <![CDATA["Leave - Apply and Manage Leave"]]>
              </value>
            </param>
          </params>
          <exception class="org.openqa.selenium.TimeoutException">
            <message>
              <![CDATA[Expected condition failed: waiting for visibility of element found by By.xpath: //div[@role='listbox']//span[normalize-space()='Pending Approval'], but... org.openqa.selenium.NoSuchElementException: Unable to locate element: //div[@role='listbox']//span[normalize-space()='Pending Approval'].
(tried for 30 seconds with 500 milliseconds interval)
Build info: version: '4.40.0', revision: 'b3333f1'
System info: os.name: 'Windows 11', os.arch: 'amd64', os.version: '10.0', java.version: '21.0.8'
Driver info: org.openqa.selenium.firefox.FirefoxDriver
Capabilities {acceptInsecureCerts: true, browserName: firefox, browserVersion: 150.0, moz:accessibilityChecks: false, moz:buildID: 20260415192539, moz:geckodriverVersion: 0.36.0, moz:headless: false, moz:platformVersion: 10.0, moz:processID: 18796, moz:profile: C:\Users\Lenovo\AppData\Loc..., moz:shutdownTimeout: 60000, moz:webdriverClick: true, moz:windowless: false, pageLoadStrategy: eager, platformName: windows, proxy: Proxy(), setWindowRect: true, strictFileInteractability: false, timeouts: {implicit: 0, pageLoad: 300000, script: 30000}, unhandledPromptBehavior: dismiss and notify, userAgent: Mozilla/5.0 (Windows NT 10....}
Session ID: 8ecf2f64-f1f4-4f41-aa27-8c279593eafe]]>
            </message>
            <full-stacktrace>
              <![CDATA[org.openqa.selenium.TimeoutException: Expected condition failed: waiting for visibility of element found by By.xpath: //div[@role='listbox']//span[normalize-space()='Pending Approval'], but... org.openqa.selenium.NoSuchElementException: Unable to locate element: //div[@role='listbox']//span[normalize-space()='Pending Approval'].
(tried for 30 seconds with 500 milliseconds interval)
Build info: version: '4.40.0', revision: 'b3333f1'
System info: os.name: 'Windows 11', os.arch: 'amd64', os.version: '10.0', java.version: '21.0.8'
Driver info: org.openqa.selenium.firefox.FirefoxDriver
Capabilities {acceptInsecureCerts: true, browserName: firefox, browserVersion: 150.0, moz:accessibilityChecks: false, moz:buildID: 20260415192539, moz:geckodriverVersion: 0.36.0, moz:headless: false, moz:platformVersion: 10.0, moz:processID: 18796, moz:profile: C:\Users\Lenovo\AppData\Loc..., moz:shutdownTimeout: 60000, moz:webdriverClick: true, moz:windowless: false, pageLoadStrategy: eager, platformName: windows, proxy: Proxy(), setWindowRect: true, strictFileInteractability: false, timeouts: {implicit: 0, pageLoad: 300000, script: 30000}, unhandledPromptBehavior: dismiss and notify, userAgent: Mozilla/5.0 (Windows NT 10....}
Session ID: 8ecf2f64-f1f4-4f41-aa27-8c279593eafe
at org.openqa.selenium.support.ui.WebDriverWait.timeoutException(WebDriverWait.java:84)
at org.openqa.selenium.support.ui.FluentWait.until(FluentWait.java:231)
at com.skillio.utils.WaitFor.elementToBeVisible(WaitFor.java:42)
at com.skillio.pages.LeavePage.filterByStatus(LeavePage.java:125)
at com.skillio.stepdefinitions.LeaveSteps.userFiltersByStatus(LeaveSteps.java:52)
at ✽.user filters by status "Pending Approval"(file:///C:/Users/Lenovo/eclipse-workspace/Rose26A/src/test/resources/FeatureFile/Leave.Feature/Leave.feature:39)
]]>
            </full-stacktrace>
          </exception> <!-- org.openqa.selenium.TimeoutException -->
          <reporter-output>
          </reporter-output>
        </test-method> <!-- runScenario -->
        <test-method signature="runScenario(io.cucumber.testng.PickleWrapper,io.cucumber.testng.FeatureWrapper)[pri:0, instance:com.skillio.runner.Runner@37883b97]" started-at="2026-05-01T10:14:08 IST" name="runScenario" description="Runs Cucumber Scenarios" data-provider="scenarios" finished-at="2026-05-01T10:14:50 IST" duration-ms="41938" status="FAIL">
          <params>
            <param index="0">
              <value>
                <![CDATA["TC_LEAVE_05 - Employee applies for single-day leave"]]>
              </value>
            </param>
            <param index="1">
              <value>
                <![CDATA["Leave - Apply and Manage Leave"]]>
              </value>
            </param>
          </params>
          <exception class="org.openqa.selenium.TimeoutException">
            <message>
              <![CDATA[Expected condition failed: waiting for visibility of element found by By.xpath: (//div[contains(@class,'oxd-select-text')])[1], but... org.openqa.selenium.NoSuchElementException: Unable to locate element: (//div[contains(@class,'oxd-select-text')])[1].
(tried for 30 seconds with 500 milliseconds interval)
Build info: version: '4.40.0', revision: 'b3333f1'
System info: os.name: 'Windows 11', os.arch: 'amd64', os.version: '10.0', java.version: '21.0.8'
Driver info: org.openqa.selenium.firefox.FirefoxDriver
Capabilities {acceptInsecureCerts: true, browserName: firefox, browserVersion: 150.0, moz:accessibilityChecks: false, moz:buildID: 20260415192539, moz:geckodriverVersion: 0.36.0, moz:headless: false, moz:platformVersion: 10.0, moz:processID: 25660, moz:profile: C:\Users\Lenovo\AppData\Loc..., moz:shutdownTimeout: 60000, moz:webdriverClick: true, moz:windowless: false, pageLoadStrategy: eager, platformName: windows, proxy: Proxy(), setWindowRect: true, strictFileInteractability: false, timeouts: {implicit: 0, pageLoad: 300000, script: 30000}, unhandledPromptBehavior: dismiss and notify, userAgent: Mozilla/5.0 (Windows NT 10....}
Session ID: 61ade5cb-4d75-493c-8150-1e49cc437239]]>
            </message>
            <full-stacktrace>
              <![CDATA[org.openqa.selenium.TimeoutException: Expected condition failed: waiting for visibility of element found by By.xpath: (//div[contains(@class,'oxd-select-text')])[1], but... org.openqa.selenium.NoSuchElementException: Unable to locate element: (//div[contains(@class,'oxd-select-text')])[1].
(tried for 30 seconds with 500 milliseconds interval)
Build info: version: '4.40.0', revision: 'b3333f1'
System info: os.name: 'Windows 11', os.arch: 'amd64', os.version: '10.0', java.version: '21.0.8'
Driver info: org.openqa.selenium.firefox.FirefoxDriver
Capabilities {acceptInsecureCerts: true, browserName: firefox, browserVersion: 150.0, moz:accessibilityChecks: false, moz:buildID: 20260415192539, moz:geckodriverVersion: 0.36.0, moz:headless: false, moz:platformVersion: 10.0, moz:processID: 25660, moz:profile: C:\Users\Lenovo\AppData\Loc..., moz:shutdownTimeout: 60000, moz:webdriverClick: true, moz:windowless: false, pageLoadStrategy: eager, platformName: windows, proxy: Proxy(), setWindowRect: true, strictFileInteractability: false, timeouts: {implicit: 0, pageLoad: 300000, script: 30000}, unhandledPromptBehavior: dismiss and notify, userAgent: Mozilla/5.0 (Windows NT 10....}
Session ID: 61ade5cb-4d75-493c-8150-1e49cc437239
at org.openqa.selenium.support.ui.WebDriverWait.timeoutException(WebDriverWait.java:84)
at org.openqa.selenium.support.ui.FluentWait.until(FluentWait.java:231)
at com.skillio.utils.WaitFor.elementToBeVisible(WaitFor.java:42)
at com.skillio.pages.LeavePage.clickDropdown(LeavePage.java:49)
at com.skillio.pages.LeavePage.selectLeaveType(LeavePage.java:82)
at com.skillio.stepdefinitions.LeaveSteps.userSelectsLeaveType(LeaveSteps.java:31)
at ✽.user selects leave type "Sick Leave"(file:///C:/Users/Lenovo/eclipse-workspace/Rose26A/src/test/resources/FeatureFile/Leave.Feature/Leave.feature:49)
]]>
            </full-stacktrace>
          </exception> <!-- org.openqa.selenium.TimeoutException -->
          <reporter-output>
          </reporter-output>
        </test-method> <!-- runScenario -->
        <test-method signature="runScenario(io.cucumber.testng.PickleWrapper,io.cucumber.testng.FeatureWrapper)[pri:0, instance:com.skillio.runner.Runner@37883b97]" started-at="2026-05-01T10:14:50 IST" name="runScenario" description="Runs Cucumber Scenarios" data-provider="scenarios" finished-at="2026-05-01T10:15:02 IST" duration-ms="12381" status="FAIL">
          <params>
            <param index="0">
              <value>
                <![CDATA["TC_MYINFO_01 - Employee can update their nationality"]]>
              </value>
            </param>
            <param index="1">
              <value>
                <![CDATA["My Info - Personal Information Management"]]>
              </value>
            </param>
          </params>
          <exception class="org.openqa.selenium.ElementClickInterceptedException">
            <message>
              <![CDATA[Element <div class="oxd-select-text oxd-select-text--active"> is not clickable at point (693,314) because another element <div class="oxd-form-loader"> obscures it
Build info: version: '4.40.0', revision: 'b3333f1'
System info: os.name: 'Windows 11', os.arch: 'amd64', os.version: '10.0', java.version: '21.0.8'
Driver info: org.openqa.selenium.firefox.FirefoxDriver
Command: [adc0f075-525d-4bfc-961d-45787b61b056, clickElement {id=063e5dce-2332-4676-8b29-ab6479d1b999}]
Capabilities {acceptInsecureCerts: true, browserName: firefox, browserVersion: 150.0, moz:accessibilityChecks: false, moz:buildID: 20260415192539, moz:geckodriverVersion: 0.36.0, moz:headless: false, moz:platformVersion: 10.0, moz:processID: 23820, moz:profile: C:\Users\Lenovo\AppData\Loc..., moz:shutdownTimeout: 60000, moz:webdriverClick: true, moz:windowless: false, pageLoadStrategy: eager, platformName: windows, proxy: Proxy(), setWindowRect: true, strictFileInteractability: false, timeouts: {implicit: 0, pageLoad: 300000, script: 30000}, unhandledPromptBehavior: dismiss and notify, userAgent: Mozilla/5.0 (Windows NT 10....}
Element: [[FirefoxDriver: firefox on windows (adc0f075-525d-4bfc-961d-45787b61b056)] -> xpath: //label[normalize-space()='Nationality']/following::div[contains(@class,'oxd-select-text')][1]]
Session ID: adc0f075-525d-4bfc-961d-45787b61b056]]>
            </message>
            <full-stacktrace>
              <![CDATA[org.openqa.selenium.ElementClickInterceptedException: Element <div class="oxd-select-text oxd-select-text--active"> is not clickable at point (693,314) because another element <div class="oxd-form-loader"> obscures it
Build info: version: '4.40.0', revision: 'b3333f1'
System info: os.name: 'Windows 11', os.arch: 'amd64', os.version: '10.0', java.version: '21.0.8'
Driver info: org.openqa.selenium.firefox.FirefoxDriver
Command: [adc0f075-525d-4bfc-961d-45787b61b056, clickElement {id=063e5dce-2332-4676-8b29-ab6479d1b999}]
Capabilities {acceptInsecureCerts: true, browserName: firefox, browserVersion: 150.0, moz:accessibilityChecks: false, moz:buildID: 20260415192539, moz:geckodriverVersion: 0.36.0, moz:headless: false, moz:platformVersion: 10.0, moz:processID: 23820, moz:profile: C:\Users\Lenovo\AppData\Loc..., moz:shutdownTimeout: 60000, moz:webdriverClick: true, moz:windowless: false, pageLoadStrategy: eager, platformName: windows, proxy: Proxy(), setWindowRect: true, strictFileInteractability: false, timeouts: {implicit: 0, pageLoad: 300000, script: 30000}, unhandledPromptBehavior: dismiss and notify, userAgent: Mozilla/5.0 (Windows NT 10....}
Element: [[FirefoxDriver: firefox on windows (adc0f075-525d-4bfc-961d-45787b61b056)] -> xpath: //label[normalize-space()='Nationality']/following::div[contains(@class,'oxd-select-text')][1]]
Session ID: adc0f075-525d-4bfc-961d-45787b61b056
at org.openqa.selenium.remote.ErrorCodec.decode(ErrorCodec.java:169)
at org.openqa.selenium.remote.codec.w3c.W3CHttpResponseCodec.decode(W3CHttpResponseCodec.java:142)
at org.openqa.selenium.remote.codec.w3c.W3CHttpResponseCodec.decode(W3CHttpResponseCodec.java:49)
at org.openqa.selenium.remote.HttpCommandExecutor.execute(HttpCommandExecutor.java:223)
at org.openqa.selenium.remote.service.DriverCommandExecutor.invokeExecute(DriverCommandExecutor.java:216)
at org.openqa.selenium.remote.service.DriverCommandExecutor.execute(DriverCommandExecutor.java:174)
at org.openqa.selenium.remote.RemoteWebDriver.execute(RemoteWebDriver.java:601)
at org.openqa.selenium.remote.RemoteWebElement.execute(RemoteWebElement.java:223)
at org.openqa.selenium.remote.RemoteWebElement.click(RemoteWebElement.java:76)
at com.skillio.pages.MyInfoPage.clickDropdown(MyInfoPage.java:53)
at com.skillio.pages.MyInfoPage.selectNationality(MyInfoPage.java:84)
at com.skillio.stepdefinitions.MyInfoSteps.userSelectsNationality(MyInfoSteps.java:35)
at ✽.user selects nationality "Indian"(file:///C:/Users/Lenovo/eclipse-workspace/Rose26A/src/test/resources/FeatureFile/MyInfo.Feature/MyInfo.feature:8)
]]>
            </full-stacktrace>
          </exception> <!-- org.openqa.selenium.ElementClickInterceptedException -->
          <reporter-output>
          </reporter-output>
        </test-method> <!-- runScenario -->
        <test-method signature="runScenario(io.cucumber.testng.PickleWrapper,io.cucumber.testng.FeatureWrapper)[pri:0, instance:com.skillio.runner.Runner@37883b97]" started-at="2026-05-01T10:15:02 IST" name="runScenario" description="Runs Cucumber Scenarios" data-provider="scenarios" finished-at="2026-05-01T10:15:19 IST" duration-ms="17276" status="PASS">
          <params>
            <param index="0">
              <value>
                <![CDATA["TC_MYINFO_02 - Employee can update contact information"]]>
              </value>
            </param>
            <param index="1">
              <value>
                <![CDATA["My Info - Personal Information Management"]]>
              </value>
            </param>
          </params>
          <reporter-output>
          </reporter-output>
        </test-method> <!-- runScenario -->
        <test-method signature="runScenario(io.cucumber.testng.PickleWrapper,io.cucumber.testng.FeatureWrapper)[pri:0, instance:com.skillio.runner.Runner@37883b97]" started-at="2026-05-01T10:15:19 IST" name="runScenario" description="Runs Cucumber Scenarios" data-provider="scenarios" finished-at="2026-05-01T10:15:52 IST" duration-ms="32682" status="FAIL">
          <params>
            <param index="0">
              <value>
                <![CDATA["TC_MYINFO_03 - System rejects invalid date format in DOB field"]]>
              </value>
            </param>
            <param index="1">
              <value>
                <![CDATA["My Info - Personal Information Management"]]>
              </value>
            </param>
          </params>
          <exception class="java.lang.AssertionError">
            <message>
              <![CDATA[DOB error not shown expected [true] but found [false]]]>
            </message>
            <full-stacktrace>
              <![CDATA[java.lang.AssertionError: DOB error not shown expected [true] but found [false]
at org.testng.Assert.fail(Assert.java:111)
at org.testng.Assert.failNotEquals(Assert.java:1590)
at org.testng.Assert.assertTrue(Assert.java:57)
at com.skillio.stepdefinitions.MyInfoSteps.fieldValidationErrorUnderDob(MyInfoSteps.java:86)
at ✽.field validation error should appear under date of birth(file:///C:/Users/Lenovo/eclipse-workspace/Rose26A/src/test/resources/FeatureFile/MyInfo.Feature/MyInfo.feature:30)
]]>
            </full-stacktrace>
          </exception> <!-- java.lang.AssertionError -->
          <reporter-output>
          </reporter-output>
        </test-method> <!-- runScenario -->
        <test-method signature="runScenario(io.cucumber.testng.PickleWrapper,io.cucumber.testng.FeatureWrapper)[pri:0, instance:com.skillio.runner.Runner@37883b97]" started-at="2026-05-01T10:15:52 IST" name="runScenario" description="Runs Cucumber Scenarios" data-provider="scenarios" finished-at="2026-05-01T10:16:04 IST" duration-ms="12150" status="PASS">
          <params>
            <param index="0">
              <value>
                <![CDATA["TC_MYINFO_04 - Employee adds an emergency contact"]]>
              </value>
            </param>
            <param index="1">
              <value>
                <![CDATA["My Info - Personal Information Management"]]>
              </value>
            </param>
          </params>
          <reporter-output>
          </reporter-output>
        </test-method> <!-- runScenario -->
        <test-method signature="runScenario(io.cucumber.testng.PickleWrapper,io.cucumber.testng.FeatureWrapper)[pri:0, instance:com.skillio.runner.Runner@37883b97]" started-at="2026-05-01T10:16:04 IST" name="runScenario" description="Runs Cucumber Scenarios" data-provider="scenarios" finished-at="2026-05-01T10:16:17 IST" duration-ms="13007" status="PASS">
          <params>
            <param index="0">
              <value>
                <![CDATA["TC_MYINFO_05 - First name field respects maximum character boundary"]]>
              </value>
            </param>
            <param index="1">
              <value>
                <![CDATA["My Info - Personal Information Management"]]>
              </value>
            </param>
          </params>
          <reporter-output>
          </reporter-output>
        </test-method> <!-- runScenario -->
        <test-method signature="runScenario(io.cucumber.testng.PickleWrapper,io.cucumber.testng.FeatureWrapper)[pri:0, instance:com.skillio.runner.Runner@37883b97]" started-at="2026-05-01T10:16:17 IST" name="runScenario" description="Runs Cucumber Scenarios" data-provider="scenarios" finished-at="2026-05-01T10:16:39 IST" duration-ms="22038" status="PASS">
          <params>
            <param index="0">
              <value>
                <![CDATA["TC_PIM_01 - Admin can add a new employee with mandatory fields"]]>
              </value>
            </param>
            <param index="1">
              <value>
                <![CDATA["PIM - Employee Management"]]>
              </value>
            </param>
          </params>
          <reporter-output>
          </reporter-output>
        </test-method> <!-- runScenario -->
        <test-method signature="runScenario(io.cucumber.testng.PickleWrapper,io.cucumber.testng.FeatureWrapper)[pri:0, instance:com.skillio.runner.Runner@37883b97]" started-at="2026-05-01T10:16:39 IST" name="runScenario" description="Runs Cucumber Scenarios" data-provider="scenarios" finished-at="2026-05-01T10:17:13 IST" duration-ms="33712" status="FAIL">
          <params>
            <param index="0">
              <value>
                <![CDATA["TC_PIM_02 - System rejects duplicate employee ID"]]>
              </value>
            </param>
            <param index="1">
              <value>
                <![CDATA["PIM - Employee Management"]]>
              </value>
            </param>
          </params>
          <exception class="java.lang.AssertionError">
            <message>
              <![CDATA[Expected error: Employee Id already exists expected [true] but found [false]]]>
            </message>
            <full-stacktrace>
              <![CDATA[java.lang.AssertionError: Expected error: Employee Id already exists expected [true] but found [false]
at org.testng.Assert.fail(Assert.java:111)
at org.testng.Assert.failNotEquals(Assert.java:1590)
at org.testng.Assert.assertTrue(Assert.java:57)
at com.skillio.stepdefinitions.PimSteps.errorMessageShouldBeDisplayed(PimSteps.java:106)
at ✽.error message "Employee Id already exists" should be displayed(file:///C:/Users/Lenovo/eclipse-workspace/Rose26A/src/test/resources/FeatureFile/PIM.Feature/PIM.feature:23)
]]>
            </full-stacktrace>
          </exception> <!-- java.lang.AssertionError -->
          <reporter-output>
          </reporter-output>
        </test-method> <!-- runScenario -->
        <test-method signature="runScenario(io.cucumber.testng.PickleWrapper,io.cucumber.testng.FeatureWrapper)[pri:0, instance:com.skillio.runner.Runner@37883b97]" started-at="2026-05-01T10:17:13 IST" name="runScenario" description="Runs Cucumber Scenarios" data-provider="scenarios" finished-at="2026-05-01T10:17:36 IST" duration-ms="23016" status="PASS">
          <params>
            <param index="0">
              <value>
                <![CDATA["TC_PIM_03 - Validation triggers when mandatory fields are empty"]]>
              </value>
            </param>
            <param index="1">
              <value>
                <![CDATA["PIM - Employee Management"]]>
              </value>
            </param>
          </params>
          <reporter-output>
          </reporter-output>
        </test-method> <!-- runScenario -->
        <test-method signature="runScenario(io.cucumber.testng.PickleWrapper,io.cucumber.testng.FeatureWrapper)[pri:0, instance:com.skillio.runner.Runner@37883b97]" started-at="2026-05-01T10:17:36 IST" name="runScenario" description="Runs Cucumber Scenarios" data-provider="scenarios" finished-at="2026-05-01T10:17:49 IST" duration-ms="12924" status="PASS">
          <params>
            <param index="0">
              <value>
                <![CDATA["TC_PIM_04 - Admin can search for an existing employee"]]>
              </value>
            </param>
            <param index="1">
              <value>
                <![CDATA["PIM - Employee Management"]]>
              </value>
            </param>
          </params>
          <reporter-output>
          </reporter-output>
        </test-method> <!-- runScenario -->
        <test-method signature="runScenario(io.cucumber.testng.PickleWrapper,io.cucumber.testng.FeatureWrapper)[pri:0, instance:com.skillio.runner.Runner@37883b97]" started-at="2026-05-01T10:17:49 IST" name="runScenario" description="Runs Cucumber Scenarios" data-provider="scenarios" finished-at="2026-05-01T10:18:01 IST" duration-ms="12519" status="PASS">
          <params>
            <param index="0">
              <value>
                <![CDATA["TC_PIM_05 - Admin can delete an employee record"]]>
              </value>
            </param>
            <param index="1">
              <value>
                <![CDATA["PIM - Employee Management"]]>
              </value>
            </param>
          </params>
          <reporter-output>
          </reporter-output>
        </test-method> <!-- runScenario -->
        <test-method signature="runScenario(io.cucumber.testng.PickleWrapper,io.cucumber.testng.FeatureWrapper)[pri:0, instance:com.skillio.runner.Runner@37883b97]" started-at="2026-05-01T10:18:01 IST" name="runScenario" description="Runs Cucumber Scenarios" data-provider="scenarios" finished-at="2026-05-01T10:18:56 IST" duration-ms="54973" status="FAIL">
          <params>
            <param index="0">
              <value>
                <![CDATA["TC_REC_01 - Admin can add a new job vacancy"]]>
              </value>
            </param>
            <param index="1">
              <value>
                <![CDATA["Recruitment - Job Vacancy and Application Management"]]>
              </value>
            </param>
          </params>
          <exception class="java.lang.AssertionError">
            <message>
              <![CDATA[Expected vacancy 'QA Engineer' to be created successfully expected [true] but found [false]]]>
            </message>
            <full-stacktrace>
              <![CDATA[java.lang.AssertionError: Expected vacancy 'QA Engineer' to be created successfully expected [true] but found [false]
at org.testng.Assert.fail(Assert.java:111)
at org.testng.Assert.failNotEquals(Assert.java:1590)
at org.testng.Assert.assertTrue(Assert.java:57)
at com.skillio.stepdefinitions.RecruitmentSteps.vacancyShouldAppearInList(RecruitmentSteps.java:68)
at ✽.vacancy "QA Engineer" should appear in the vacancies list(file:///C:/Users/Lenovo/eclipse-workspace/Rose26A/src/test/resources/FeatureFile/Recruitment.Feature/Recruitment.feature:14)
]]>
            </full-stacktrace>
          </exception> <!-- java.lang.AssertionError -->
          <reporter-output>
          </reporter-output>
        </test-method> <!-- runScenario -->
        <test-method signature="runScenario(io.cucumber.testng.PickleWrapper,io.cucumber.testng.FeatureWrapper)[pri:0, instance:com.skillio.runner.Runner@37883b97]" started-at="2026-05-01T10:18:56 IST" name="runScenario" description="Runs Cucumber Scenarios" data-provider="scenarios" finished-at="2026-05-01T10:19:20 IST" duration-ms="23521" status="PASS">
          <params>
            <param index="0">
              <value>
                <![CDATA["TC_REC_02 - Vacancy creation fails without job title"]]>
              </value>
            </param>
            <param index="1">
              <value>
                <![CDATA["Recruitment - Job Vacancy and Application Management"]]>
              </value>
            </param>
          </params>
          <reporter-output>
          </reporter-output>
        </test-method> <!-- runScenario -->
        <test-method signature="runScenario(io.cucumber.testng.PickleWrapper,io.cucumber.testng.FeatureWrapper)[pri:0, instance:com.skillio.runner.Runner@37883b97]" started-at="2026-05-01T10:19:20 IST" name="runScenario" description="Runs Cucumber Scenarios" data-provider="scenarios" finished-at="2026-05-01T10:20:02 IST" duration-ms="41824" status="FAIL">
          <params>
            <param index="0">
              <value>
                <![CDATA["TC_REC_03 - Admin can add candidate for a vacancy"]]>
              </value>
            </param>
            <param index="1">
              <value>
                <![CDATA["Recruitment - Job Vacancy and Application Management"]]>
              </value>
            </param>
          </params>
          <exception class="org.openqa.selenium.TimeoutException">
            <message>
              <![CDATA[Expected condition failed: waiting for visibility of element found by By.xpath: //div[contains(@class,'oxd-table-body')]//a[contains(normalize-space(),'QA Engineer')] | //div[contains(@class,'oxd-table-body')]//div[contains(normalize-space(),'QA Engineer')], but... org.openqa.selenium.NoSuchElementException: Unable to locate element: //div[contains(@class,'oxd-table-body')]//a[contains(normalize-space(),'QA Engineer')] | //div[contains(@class,'oxd-table-body')]//div[contains(normalize-space(),'QA Engineer')].
(tried for 30 seconds with 500 milliseconds interval)
Build info: version: '4.40.0', revision: 'b3333f1'
System info: os.name: 'Windows 11', os.arch: 'amd64', os.version: '10.0', java.version: '21.0.8'
Driver info: org.openqa.selenium.firefox.FirefoxDriver
Capabilities {acceptInsecureCerts: true, browserName: firefox, browserVersion: 150.0, moz:accessibilityChecks: false, moz:buildID: 20260415192539, moz:geckodriverVersion: 0.36.0, moz:headless: false, moz:platformVersion: 10.0, moz:processID: 5064, moz:profile: C:\Users\Lenovo\AppData\Loc..., moz:shutdownTimeout: 60000, moz:webdriverClick: true, moz:windowless: false, pageLoadStrategy: eager, platformName: windows, proxy: Proxy(), setWindowRect: true, strictFileInteractability: false, timeouts: {implicit: 0, pageLoad: 300000, script: 30000}, unhandledPromptBehavior: dismiss and notify, userAgent: Mozilla/5.0 (Windows NT 10....}
Session ID: 46be8ad6-6cfd-420a-9512-1ee7e82f7ba6]]>
            </message>
            <full-stacktrace>
              <![CDATA[org.openqa.selenium.TimeoutException: Expected condition failed: waiting for visibility of element found by By.xpath: //div[contains(@class,'oxd-table-body')]//a[contains(normalize-space(),'QA Engineer')] | //div[contains(@class,'oxd-table-body')]//div[contains(normalize-space(),'QA Engineer')], but... org.openqa.selenium.NoSuchElementException: Unable to locate element: //div[contains(@class,'oxd-table-body')]//a[contains(normalize-space(),'QA Engineer')] | //div[contains(@class,'oxd-table-body')]//div[contains(normalize-space(),'QA Engineer')].
(tried for 30 seconds with 500 milliseconds interval)
Build info: version: '4.40.0', revision: 'b3333f1'
System info: os.name: 'Windows 11', os.arch: 'amd64', os.version: '10.0', java.version: '21.0.8'
Driver info: org.openqa.selenium.firefox.FirefoxDriver
Capabilities {acceptInsecureCerts: true, browserName: firefox, browserVersion: 150.0, moz:accessibilityChecks: false, moz:buildID: 20260415192539, moz:geckodriverVersion: 0.36.0, moz:headless: false, moz:platformVersion: 10.0, moz:processID: 5064, moz:profile: C:\Users\Lenovo\AppData\Loc..., moz:shutdownTimeout: 60000, moz:webdriverClick: true, moz:windowless: false, pageLoadStrategy: eager, platformName: windows, proxy: Proxy(), setWindowRect: true, strictFileInteractability: false, timeouts: {implicit: 0, pageLoad: 300000, script: 30000}, unhandledPromptBehavior: dismiss and notify, userAgent: Mozilla/5.0 (Windows NT 10....}
Session ID: 46be8ad6-6cfd-420a-9512-1ee7e82f7ba6
at org.openqa.selenium.support.ui.WebDriverWait.timeoutException(WebDriverWait.java:84)
at org.openqa.selenium.support.ui.FluentWait.until(FluentWait.java:231)
at com.skillio.utils.WaitFor.elementToBeVisible(WaitFor.java:42)
at com.skillio.pages.RecruitmentPage.openVacancy(RecruitmentPage.java:97)
at com.skillio.stepdefinitions.RecruitmentSteps.userOpensVacancy(RecruitmentSteps.java:43)
at ✽.user opens vacancy "QA Engineer"(file:///C:/Users/Lenovo/eclipse-workspace/Rose26A/src/test/resources/FeatureFile/Recruitment.Feature/Recruitment.feature:28)
]]>
            </full-stacktrace>
          </exception> <!-- org.openqa.selenium.TimeoutException -->
          <reporter-output>
          </reporter-output>
        </test-method> <!-- runScenario -->
        <test-method signature="runScenario(io.cucumber.testng.PickleWrapper,io.cucumber.testng.FeatureWrapper)[pri:0, instance:com.skillio.runner.Runner@37883b97]" started-at="2026-05-01T10:20:02 IST" name="runScenario" description="Runs Cucumber Scenarios" data-provider="scenarios" finished-at="2026-05-01T10:20:42 IST" duration-ms="40077" status="FAIL">
          <params>
            <param index="0">
              <value>
                <![CDATA["TC_REC_04 - System rejects invalid candidate email"]]>
              </value>
            </param>
            <param index="1">
              <value>
                <![CDATA["Recruitment - Job Vacancy and Application Management"]]>
              </value>
            </param>
          </params>
          <exception class="org.openqa.selenium.TimeoutException">
            <message>
              <![CDATA[Expected condition failed: waiting for visibility of element found by By.xpath: //div[contains(@class,'oxd-table-body')]//a[contains(normalize-space(),'QA Engineer')] | //div[contains(@class,'oxd-table-body')]//div[contains(normalize-space(),'QA Engineer')], but... org.openqa.selenium.NoSuchElementException: Unable to locate element: //div[contains(@class,'oxd-table-body')]//a[contains(normalize-space(),'QA Engineer')] | //div[contains(@class,'oxd-table-body')]//div[contains(normalize-space(),'QA Engineer')].
(tried for 30 seconds with 500 milliseconds interval)
Build info: version: '4.40.0', revision: 'b3333f1'
System info: os.name: 'Windows 11', os.arch: 'amd64', os.version: '10.0', java.version: '21.0.8'
Driver info: org.openqa.selenium.firefox.FirefoxDriver
Capabilities {acceptInsecureCerts: true, browserName: firefox, browserVersion: 150.0, moz:accessibilityChecks: false, moz:buildID: 20260415192539, moz:geckodriverVersion: 0.36.0, moz:headless: false, moz:platformVersion: 10.0, moz:processID: 21888, moz:profile: C:\Users\Lenovo\AppData\Loc..., moz:shutdownTimeout: 60000, moz:webdriverClick: true, moz:windowless: false, pageLoadStrategy: eager, platformName: windows, proxy: Proxy(), setWindowRect: true, strictFileInteractability: false, timeouts: {implicit: 0, pageLoad: 300000, script: 30000}, unhandledPromptBehavior: dismiss and notify, userAgent: Mozilla/5.0 (Windows NT 10....}
Session ID: 3e75636a-d695-4c47-8948-722ef1481e1e]]>
            </message>
            <full-stacktrace>
              <![CDATA[org.openqa.selenium.TimeoutException: Expected condition failed: waiting for visibility of element found by By.xpath: //div[contains(@class,'oxd-table-body')]//a[contains(normalize-space(),'QA Engineer')] | //div[contains(@class,'oxd-table-body')]//div[contains(normalize-space(),'QA Engineer')], but... org.openqa.selenium.NoSuchElementException: Unable to locate element: //div[contains(@class,'oxd-table-body')]//a[contains(normalize-space(),'QA Engineer')] | //div[contains(@class,'oxd-table-body')]//div[contains(normalize-space(),'QA Engineer')].
(tried for 30 seconds with 500 milliseconds interval)
Build info: version: '4.40.0', revision: 'b3333f1'
System info: os.name: 'Windows 11', os.arch: 'amd64', os.version: '10.0', java.version: '21.0.8'
Driver info: org.openqa.selenium.firefox.FirefoxDriver
Capabilities {acceptInsecureCerts: true, browserName: firefox, browserVersion: 150.0, moz:accessibilityChecks: false, moz:buildID: 20260415192539, moz:geckodriverVersion: 0.36.0, moz:headless: false, moz:platformVersion: 10.0, moz:processID: 21888, moz:profile: C:\Users\Lenovo\AppData\Loc..., moz:shutdownTimeout: 60000, moz:webdriverClick: true, moz:windowless: false, pageLoadStrategy: eager, platformName: windows, proxy: Proxy(), setWindowRect: true, strictFileInteractability: false, timeouts: {implicit: 0, pageLoad: 300000, script: 30000}, unhandledPromptBehavior: dismiss and notify, userAgent: Mozilla/5.0 (Windows NT 10....}
Session ID: 3e75636a-d695-4c47-8948-722ef1481e1e
at org.openqa.selenium.support.ui.WebDriverWait.timeoutException(WebDriverWait.java:84)
at org.openqa.selenium.support.ui.FluentWait.until(FluentWait.java:231)
at com.skillio.utils.WaitFor.elementToBeVisible(WaitFor.java:42)
at com.skillio.pages.RecruitmentPage.openVacancy(RecruitmentPage.java:97)
at com.skillio.stepdefinitions.RecruitmentSteps.userOpensVacancy(RecruitmentSteps.java:43)
at ✽.user opens vacancy "QA Engineer"(file:///C:/Users/Lenovo/eclipse-workspace/Rose26A/src/test/resources/FeatureFile/Recruitment.Feature/Recruitment.feature:38)
]]>
            </full-stacktrace>
          </exception> <!-- org.openqa.selenium.TimeoutException -->
          <reporter-output>
          </reporter-output>
        </test-method> <!-- runScenario -->
        <test-method signature="runScenario(io.cucumber.testng.PickleWrapper,io.cucumber.testng.FeatureWrapper)[pri:0, instance:com.skillio.runner.Runner@37883b97]" started-at="2026-05-01T10:20:42 IST" name="runScenario" description="Runs Cucumber Scenarios" data-provider="scenarios" finished-at="2026-05-01T10:21:23 IST" duration-ms="41617" status="FAIL">
          <params>
            <param index="0">
              <value>
                <![CDATA["TC_REC_05 - Admin can search candidates by vacancy"]]>
              </value>
            </param>
            <param index="1">
              <value>
                <![CDATA["Recruitment - Job Vacancy and Application Management"]]>
              </value>
            </param>
          </params>
          <exception class="org.openqa.selenium.TimeoutException">
            <message>
              <![CDATA[Expected condition failed: waiting for visibility of element found by By.xpath: //div[@role='listbox']//span[contains(normalize-space(),'QA Engineer')], but... org.openqa.selenium.NoSuchElementException: Unable to locate element: //div[@role='listbox']//span[contains(normalize-space(),'QA Engineer')].
(tried for 30 seconds with 500 milliseconds interval)
Build info: version: '4.40.0', revision: 'b3333f1'
System info: os.name: 'Windows 11', os.arch: 'amd64', os.version: '10.0', java.version: '21.0.8'
Driver info: org.openqa.selenium.firefox.FirefoxDriver
Capabilities {acceptInsecureCerts: true, browserName: firefox, browserVersion: 150.0, moz:accessibilityChecks: false, moz:buildID: 20260415192539, moz:geckodriverVersion: 0.36.0, moz:headless: false, moz:platformVersion: 10.0, moz:processID: 3868, moz:profile: C:\Users\Lenovo\AppData\Loc..., moz:shutdownTimeout: 60000, moz:webdriverClick: true, moz:windowless: false, pageLoadStrategy: eager, platformName: windows, proxy: Proxy(), setWindowRect: true, strictFileInteractability: false, timeouts: {implicit: 0, pageLoad: 300000, script: 30000}, unhandledPromptBehavior: dismiss and notify, userAgent: Mozilla/5.0 (Windows NT 10....}
Session ID: 0b3db6bc-78fc-448d-9a81-5944a0fed751]]>
            </message>
            <full-stacktrace>
              <![CDATA[org.openqa.selenium.TimeoutException: Expected condition failed: waiting for visibility of element found by By.xpath: //div[@role='listbox']//span[contains(normalize-space(),'QA Engineer')], but... org.openqa.selenium.NoSuchElementException: Unable to locate element: //div[@role='listbox']//span[contains(normalize-space(),'QA Engineer')].
(tried for 30 seconds with 500 milliseconds interval)
Build info: version: '4.40.0', revision: 'b3333f1'
System info: os.name: 'Windows 11', os.arch: 'amd64', os.version: '10.0', java.version: '21.0.8'
Driver info: org.openqa.selenium.firefox.FirefoxDriver
Capabilities {acceptInsecureCerts: true, browserName: firefox, browserVersion: 150.0, moz:accessibilityChecks: false, moz:buildID: 20260415192539, moz:geckodriverVersion: 0.36.0, moz:headless: false, moz:platformVersion: 10.0, moz:processID: 3868, moz:profile: C:\Users\Lenovo\AppData\Loc..., moz:shutdownTimeout: 60000, moz:webdriverClick: true, moz:windowless: false, pageLoadStrategy: eager, platformName: windows, proxy: Proxy(), setWindowRect: true, strictFileInteractability: false, timeouts: {implicit: 0, pageLoad: 300000, script: 30000}, unhandledPromptBehavior: dismiss and notify, userAgent: Mozilla/5.0 (Windows NT 10....}
Session ID: 0b3db6bc-78fc-448d-9a81-5944a0fed751
at org.openqa.selenium.support.ui.WebDriverWait.timeoutException(WebDriverWait.java:84)
at org.openqa.selenium.support.ui.FluentWait.until(FluentWait.java:231)
at com.skillio.utils.WaitFor.elementToBeVisible(WaitFor.java:42)
at com.skillio.pages.RecruitmentPage.selectVacancyInSearch(RecruitmentPage.java:135)
at com.skillio.stepdefinitions.RecruitmentSteps.userSelectsVacancyInSearchForm(RecruitmentSteps.java:63)
at ✽.user selects vacancy "QA Engineer" in candidate search form(file:///C:/Users/Lenovo/eclipse-workspace/Rose26A/src/test/resources/FeatureFile/Recruitment.Feature/Recruitment.feature:48)
]]>
            </full-stacktrace>
          </exception> <!-- org.openqa.selenium.TimeoutException -->
          <reporter-output>
          </reporter-output>
        </test-method> <!-- runScenario -->
        <test-method is-config="true" signature="tearDownClass()[pri:0, instance:com.skillio.runner.Runner@37883b97]" started-at="2026-05-01T10:21:23 IST" name="tearDownClass" finished-at="2026-05-01T10:21:24 IST" duration-ms="51" status="PASS">
          <reporter-output>
          </reporter-output>
        </test-method> <!-- tearDownClass -->
      </class> <!-- com.skillio.runner.Runner -->
    </test> <!-- Default test -->
  </suite> <!-- Default suite -->
</testng-results>
