<?xml version="1.0" encoding="UTF-8"?>
<!-- Generated by org.testng.reporters.JUnitReportReporter -->
<testsuite hostname="GaneshSisodiya" failures="0" tests="5" name="com.skillio.runner.Runner" time="0.117" errors="0" timestamp="2026-04-25T13:09:25 IST" skipped="0">
  <testcase classname="com.skillio.runner.Runner" name="runScenario" time="0.002"/>
  <testcase classname="com.skillio.runner.Runner" name="runScenario" time="0.002"/>
  <testcase classname="com.skillio.runner.Runner" name="runScenario" time="0.104"/>
  <testcase classname="com.skillio.runner.Runner" name="runScenario" time="0.002"/>
  <testcase classname="com.skillio.runner.Runner" name="runScenario" time="0.007"/>
</testsuite> <!-- com.skillio.runner.Runner -->
